{"C:\\Users\\mohan\\.gemini\\antigravity-ide\\scratch\\projectmatch\\src\\components\\AITeamBriefModal.tsx": {"path":"C:\\Users\\mohan\\.gemini\\antigravity-ide\\scratch\\projectmatch\\src\\components\\AITeamBriefModal.tsx","statementMap":{"0":{"start":{"line":13,"column":65},"end":{"line":196,"column":null}},"1":{"start":{"line":20,"column":26},"end":{"line":20,"column":null}},"2":{"start":{"line":22,"column":2},"end":{"line":32,"column":null}},"3":{"start":{"line":23,"column":26},"end":{"line":27,"column":null}},"4":{"start":{"line":24,"column":6},"end":{"line":26,"column":null}},"5":{"start":{"line":25,"column":8},"end":{"line":25,"column":null}},"6":{"start":{"line":28,"column":4},"end":{"line":30,"column":null}},"7":{"start":{"line":29,"column":6},"end":{"line":29,"column":null}},"8":{"start":{"line":31,"column":4},"end":{"line":31,"column":null}},"9":{"start":{"line":31,"column":17},"end":{"line":31,"column":null}},"10":{"start":{"line":34,"column":2},"end":{"line":34,"column":null}},"11":{"start":{"line":34,"column":15},"end":{"line":34,"column":null}},"12":{"start":{"line":36,"column":20},"end":{"line":60,"column":null}},"13":{"start":{"line":44,"column":44},"end":{"line":46,"column":44}},"14":{"start":{"line":57,"column":31},"end":{"line":57,"column":39}},"15":{"start":{"line":60,"column":36},"end":{"line":60,"column":44}},"16":{"start":{"line":67,"column":21},"end":{"line":71,"column":null}},"17":{"start":{"line":68,"column":4},"end":{"line":68,"column":null}},"18":{"start":{"line":69,"column":4},"end":{"line":69,"column":null}},"19":{"start":{"line":70,"column":4},"end":{"line":70,"column":null}},"20":{"start":{"line":70,"column":21},"end":{"line":70,"column":39}},"21":{"start":{"line":73,"column":2},"end":{"line":194,"column":null}},"22":{"start":{"line":87,"column":8},"end":{"line":87,"column":null}},"23":{"start":{"line":87,"column":42},"end":{"line":87,"column":null}},"24":{"start":{"line":180,"column":16},"end":{"line":180,"column":null}},"25":{"start":{"line":181,"column":16},"end":{"line":181,"column":null}}},"fnMap":{"0":{"name":"(anonymous_0)","decl":{"start":{"line":13,"column":65},"end":{"line":13,"column":66}},"loc":{"start":{"line":19,"column":6},"end":{"line":196,"column":null}},"line":19},"1":{"name":"(anonymous_1)","decl":{"start":{"line":22,"column":12},"end":{"line":22,"column":18}},"loc":{"start":{"line":22,"column":18},"end":{"line":32,"column":5}},"line":22},"2":{"name":"(anonymous_2)","decl":{"start":{"line":23,"column":26},"end":{"line":23,"column":27}},"loc":{"start":{"line":23,"column":48},"end":{"line":27,"column":null}},"line":23},"3":{"name":"(anonymous_3)","decl":{"start":{"line":31,"column":11},"end":{"line":31,"column":17}},"loc":{"start":{"line":31,"column":17},"end":{"line":31,"column":null}},"line":31},"4":{"name":"(anonymous_4)","decl":{"start":{"line":44,"column":32},"end":{"line":44,"column":33}},"loc":{"start":{"line":44,"column":44},"end":{"line":46,"column":44}},"line":44},"5":{"name":"(anonymous_5)","decl":{"start":{"line":57,"column":26},"end":{"line":57,"column":31}},"loc":{"start":{"line":57,"column":31},"end":{"line":57,"column":39}},"line":57},"6":{"name":"(anonymous_6)","decl":{"start":{"line":60,"column":31},"end":{"line":60,"column":36}},"loc":{"start":{"line":60,"column":36},"end":{"line":60,"column":44}},"line":60},"7":{"name":"(anonymous_7)","decl":{"start":{"line":67,"column":21},"end":{"line":67,"column":27}},"loc":{"start":{"line":67,"column":27},"end":{"line":71,"column":null}},"line":67},"8":{"name":"(anonymous_8)","decl":{"start":{"line":70,"column":15},"end":{"line":70,"column":21}},"loc":{"start":{"line":70,"column":21},"end":{"line":70,"column":39}},"line":70},"9":{"name":"(anonymous_9)","decl":{"start":{"line":86,"column":15},"end":{"line":86,"column":16}},"loc":{"start":{"line":86,"column":22},"end":{"line":88,"column":null}},"line":86},"10":{"name":"(anonymous_10)","decl":{"start":{"line":179,"column":23},"end":{"line":179,"column":29}},"loc":{"start":{"line":179,"column":29},"end":{"line":182,"column":null}},"line":179}},"branchMap":{"0":{"loc":{"start":{"line":24,"column":6},"end":{"line":26,"column":null}},"type":"if","locations":[{"start":{"line":24,"column":6},"end":{"line":26,"column":null}},{"start":{},"end":{}}],"line":24},"1":{"loc":{"start":{"line":28,"column":4},"end":{"line":30,"column":null}},"type":"if","locations":[{"start":{"line":28,"column":4},"end":{"line":30,"column":null}},{"start":{},"end":{}}],"line":28},"2":{"loc":{"start":{"line":34,"column":2},"end":{"line":34,"column":null}},"type":"if","locations":[{"start":{"line":34,"column":2},"end":{"line":34,"column":null}},{"start":{},"end":{}}],"line":34},"3":{"loc":{"start":{"line":87,"column":8},"end":{"line":87,"column":null}},"type":"if","locations":[{"start":{"line":87,"column":8},"end":{"line":87,"column":null}},{"start":{},"end":{}}],"line":87},"4":{"loc":{"start":{"line":166,"column":13},"end":{"line":166,"column":null}},"type":"cond-expr","locations":[{"start":{"line":166,"column":22},"end":{"line":166,"column":44}},{"start":{"line":166,"column":44},"end":{"line":166,"column":null}}],"line":166},"5":{"loc":{"start":{"line":167,"column":19},"end":{"line":167,"column":71}},"type":"cond-expr","locations":[{"start":{"line":167,"column":28},"end":{"line":167,"column":53}},{"start":{"line":167,"column":53},"end":{"line":167,"column":71}}],"line":167}},"s":{"0":0,"1":0,"2":0,"3":0,"4":0,"5":0,"6":0,"7":0,"8":0,"9":0,"10":0,"11":0,"12":0,"13":0,"14":0,"15":0,"16":0,"17":0,"18":0,"19":0,"20":0,"21":0,"22":0,"23":0,"24":0,"25":0},"f":{"0":0,"1":0,"2":0,"3":0,"4":0,"5":0,"6":0,"7":0,"8":0,"9":0,"10":0},"b":{"0":[0,0],"1":[0,0],"2":[0,0],"3":[0,0],"4":[0,0],"5":[0,0]},"meta":{"lastBranch":6,"lastFunction":11,"lastStatement":26,"seen":{"s:13:65:196:Infinity":0,"f:13:65:13:66":0,"s:20:26:20:Infinity":1,"s:22:2:32:Infinity":2,"f:22:12:22:18":1,"s:23:26:27:Infinity":3,"f:23:26:23:27":2,"b:24:6:26:Infinity:undefined:undefined:undefined:undefined":0,"s:24:6:26:Infinity":4,"s:25:8:25:Infinity":5,"b:28:4:30:Infinity:undefined:undefined:undefined:undefined":1,"s:28:4:30:Infinity":6,"s:29:6:29:Infinity":7,"s:31:4:31:Infinity":8,"f:31:11:31:17":3,"s:31:17:31:Infinity":9,"b:34:2:34:Infinity:undefined:undefined:undefined:undefined":2,"s:34:2:34:Infinity":10,"s:34:15:34:Infinity":11,"s:36:20:60:Infinity":12,"f:44:32:44:33":4,"s:44:44:46:44":13,"f:57:26:57:31":5,"s:57:31:57:39":14,"f:60:31:60:36":6,"s:60:36:60:44":15,"s:67:21:71:Infinity":16,"f:67:21:67:27":7,"s:68:4:68:Infinity":17,"s:69:4:69:Infinity":18,"s:70:4:70:Infinity":19,"f:70:15:70:21":8,"s:70:21:70:39":20,"s:73:2:194:Infinity":21,"f:86:15:86:16":9,"b:87:8:87:Infinity:undefined:undefined:undefined:undefined":3,"s:87:8:87:Infinity":22,"s:87:42:87:Infinity":23,"b:166:22:166:44:166:44:166:Infinity":4,"b:167:28:167:53:167:53:167:71":5,"f:179:23:179:29":10,"s:180:16:180:Infinity":24,"s:181:16:181:Infinity":25},"fnNames":{}}}
,"C:\\Users\\mohan\\.gemini\\antigravity-ide\\scratch\\projectmatch\\src\\components\\CompatibilityRing.tsx": {"path":"C:\\Users\\mohan\\.gemini\\antigravity-ide\\scratch\\projectmatch\\src\\components\\CompatibilityRing.tsx","statementMap":{"0":{"start":{"line":11,"column":67},"end":{"line":74,"column":null}},"1":{"start":{"line":18,"column":8},"end":{"line":18,"column":null}},"2":{"start":{"line":19,"column":24},"end":{"line":19,"column":null}},"3":{"start":{"line":20,"column":17},"end":{"line":20,"column":null}},"4":{"start":{"line":22,"column":14},"end":{"line":22,"column":null}},"5":{"start":{"line":23,"column":2},"end":{"line":23,"column":null}},"6":{"start":{"line":23,"column":18},"end":{"line":23,"column":null}},"7":{"start":{"line":24,"column":2},"end":{"line":24,"column":null}},"8":{"start":{"line":24,"column":18},"end":{"line":24,"column":null}},"9":{"start":{"line":26,"column":2},"end":{"line":72,"column":null}}},"fnMap":{"0":{"name":"(anonymous_0)","decl":{"start":{"line":11,"column":67},"end":{"line":11,"column":68}},"loc":{"start":{"line":17,"column":6},"end":{"line":74,"column":null}},"line":17}},"branchMap":{"0":{"loc":{"start":{"line":13,"column":2},"end":{"line":13,"column":null}},"type":"default-arg","locations":[{"start":{"line":13,"column":9},"end":{"line":13,"column":null}}],"line":13},"1":{"loc":{"start":{"line":14,"column":2},"end":{"line":14,"column":null}},"type":"default-arg","locations":[{"start":{"line":14,"column":16},"end":{"line":14,"column":null}}],"line":14},"2":{"loc":{"start":{"line":15,"column":2},"end":{"line":15,"column":null}},"type":"default-arg","locations":[{"start":{"line":15,"column":14},"end":{"line":15,"column":null}}],"line":15},"3":{"loc":{"start":{"line":23,"column":2},"end":{"line":23,"column":null}},"type":"if","locations":[{"start":{"line":23,"column":2},"end":{"line":23,"column":null}},{"start":{},"end":{}}],"line":23},"4":{"loc":{"start":{"line":24,"column":2},"end":{"line":24,"column":null}},"type":"if","locations":[{"start":{"line":24,"column":2},"end":{"line":24,"column":null}},{"start":{},"end":{}}],"line":24},"5":{"loc":{"start":{"line":60,"column":20},"end":{"line":60,"column":null}},"type":"cond-expr","locations":[{"start":{"line":60,"column":32},"end":{"line":60,"column":43}},{"start":{"line":60,"column":43},"end":{"line":60,"column":null}}],"line":60},"6":{"loc":{"start":{"line":67,"column":7},"end":{"line":70,"column":null}},"type":"binary-expr","locations":[{"start":{"line":67,"column":7},"end":{"line":67,"column":null}},{"start":{"line":68,"column":8},"end":{"line":70,"column":null}}],"line":67},"7":{"loc":{"start":{"line":69,"column":11},"end":{"line":69,"column":null}},"type":"binary-expr","locations":[{"start":{"line":69,"column":11},"end":{"line":69,"column":20}},{"start":{"line":69,"column":20},"end":{"line":69,"column":null}}],"line":69}},"s":{"0":0,"1":0,"2":0,"3":0,"4":0,"5":0,"6":0,"7":0,"8":0,"9":0},"f":{"0":0},"b":{"0":[0],"1":[0],"2":[0],"3":[0,0],"4":[0,0],"5":[0,0],"6":[0,0],"7":[0,0]},"meta":{"lastBranch":8,"lastFunction":1,"lastStatement":10,"seen":{"s:11:67:74:Infinity":0,"f:11:67:11:68":0,"b:13:9:13:Infinity":0,"b:14:16:14:Infinity":1,"b:15:14:15:Infinity":2,"s:18:8:18:Infinity":1,"s:19:24:19:Infinity":2,"s:20:17:20:Infinity":3,"s:22:14:22:Infinity":4,"b:23:2:23:Infinity:undefined:undefined:undefined:undefined":3,"s:23:2:23:Infinity":5,"s:23:18:23:Infinity":6,"b:24:2:24:Infinity:undefined:undefined:undefined:undefined":4,"s:24:2:24:Infinity":7,"s:24:18:24:Infinity":8,"s:26:2:72:Infinity":9,"b:60:32:60:43:60:43:60:Infinity":5,"b:67:7:67:Infinity:68:8:70:Infinity":6,"b:69:11:69:20:69:20:69:Infinity":7},"fnNames":{}}}
,"C:\\Users\\mohan\\.gemini\\antigravity-ide\\scratch\\projectmatch\\src\\components\\CreateProjectModal.tsx": {"path":"C:\\Users\\mohan\\.gemini\\antigravity-ide\\scratch\\projectmatch\\src\\components\\CreateProjectModal.tsx","statementMap":{"0":{"start":{"line":13,"column":38},"end":{"line":15,"column":null}},"1":{"start":{"line":17,"column":69},"end":{"line":449,"column":null}},"2":{"start":{"line":18,"column":34},"end":{"line":18,"column":null}},"3":{"start":{"line":20,"column":24},"end":{"line":20,"column":null}},"4":{"start":{"line":21,"column":36},"end":{"line":21,"column":null}},"5":{"start":{"line":22,"column":30},"end":{"line":22,"column":null}},"6":{"start":{"line":23,"column":36},"end":{"line":23,"column":null}},"7":{"start":{"line":24,"column":40},"end":{"line":24,"column":null}},"8":{"start":{"line":25,"column":30},"end":{"line":25,"column":null}},"9":{"start":{"line":26,"column":44},"end":{"line":26,"column":null}},"10":{"start":{"line":27,"column":60},"end":{"line":27,"column":null}},"11":{"start":{"line":28,"column":54},"end":{"line":28,"column":null}},"12":{"start":{"line":30,"column":42},"end":{"line":30,"column":null}},"13":{"start":{"line":31,"column":46},"end":{"line":31,"column":null}},"14":{"start":{"line":32,"column":40},"end":{"line":32,"column":null}},"15":{"start":{"line":34,"column":2},"end":{"line":44,"column":null}},"16":{"start":{"line":35,"column":26},"end":{"line":39,"column":null}},"17":{"start":{"line":36,"column":6},"end":{"line":38,"column":null}},"18":{"start":{"line":37,"column":8},"end":{"line":37,"column":null}},"19":{"start":{"line":40,"column":4},"end":{"line":42,"column":null}},"20":{"start":{"line":41,"column":6},"end":{"line":41,"column":null}},"21":{"start":{"line":43,"column":4},"end":{"line":43,"column":null}},"22":{"start":{"line":43,"column":17},"end":{"line":43,"column":null}},"23":{"start":{"line":46,"column":2},"end":{"line":46,"column":null}},"24":{"start":{"line":46,"column":15},"end":{"line":46,"column":null}},"25":{"start":{"line":48,"column":22},"end":{"line":54,"column":null}},"26":{"start":{"line":49,"column":4},"end":{"line":53,"column":null}},"27":{"start":{"line":50,"column":6},"end":{"line":50,"column":null}},"28":{"start":{"line":50,"column":51},"end":{"line":50,"column":62}},"29":{"start":{"line":52,"column":6},"end":{"line":52,"column":null}},"30":{"start":{"line":56,"column":25},"end":{"line":61,"column":null}},"31":{"start":{"line":57,"column":4},"end":{"line":60,"column":null}},"32":{"start":{"line":58,"column":6},"end":{"line":58,"column":null}},"33":{"start":{"line":59,"column":6},"end":{"line":59,"column":null}},"34":{"start":{"line":63,"column":21},"end":{"line":71,"column":null}},"35":{"start":{"line":64,"column":4},"end":{"line":70,"column":null}},"36":{"start":{"line":65,"column":6},"end":{"line":67,"column":null}},"37":{"start":{"line":66,"column":8},"end":{"line":66,"column":null}},"38":{"start":{"line":66,"column":51},"end":{"line":66,"column":61}},"39":{"start":{"line":69,"column":6},"end":{"line":69,"column":null}},"40":{"start":{"line":74,"column":30},"end":{"line":76,"column":null}},"41":{"start":{"line":74,"column":55},"end":{"line":74,"column":113}},"42":{"start":{"line":77,"column":29},"end":{"line":77,"column":null}},"43":{"start":{"line":79,"column":23},"end":{"line":109,"column":null}},"44":{"start":{"line":80,"column":4},"end":{"line":80,"column":null}},"45":{"start":{"line":81,"column":4},"end":{"line":84,"column":null}},"46":{"start":{"line":82,"column":6},"end":{"line":82,"column":null}},"47":{"start":{"line":83,"column":6},"end":{"line":83,"column":null}},"48":{"start":{"line":85,"column":4},"end":{"line":88,"column":null}},"49":{"start":{"line":86,"column":6},"end":{"line":86,"column":null}},"50":{"start":{"line":87,"column":6},"end":{"line":87,"column":null}},"51":{"start":{"line":90,"column":20},"end":{"line":103,"column":null}},"52":{"start":{"line":105,"column":4},"end":{"line":107,"column":null}},"53":{"start":{"line":106,"column":6},"end":{"line":106,"column":null}},"54":{"start":{"line":108,"column":4},"end":{"line":108,"column":null}},"55":{"start":{"line":111,"column":2},"end":{"line":447,"column":null}},"56":{"start":{"line":125,"column":8},"end":{"line":125,"column":null}},"57":{"start":{"line":125,"column":42},"end":{"line":125,"column":null}},"58":{"start":{"line":205,"column":33},"end":{"line":205,"column":null}},"59":{"start":{"line":227,"column":33},"end":{"line":227,"column":null}},"60":{"start":{"line":240,"column":18},"end":{"line":242,"column":null}},"61":{"start":{"line":258,"column":31},"end":{"line":258,"column":null}},"62":{"start":{"line":281,"column":35},"end":{"line":281,"column":null}},"63":{"start":{"line":282,"column":16},"end":{"line":299,"column":null}},"64":{"start":{"line":286,"column":35},"end":{"line":286,"column":null}},"65":{"start":{"line":312,"column":35},"end":{"line":312,"column":null}},"66":{"start":{"line":313,"column":16},"end":{"line":330,"column":null}},"67":{"start":{"line":317,"column":35},"end":{"line":317,"column":null}},"68":{"start":{"line":340,"column":33},"end":{"line":340,"column":null}},"69":{"start":{"line":342,"column":36},"end":{"line":342,"column":101}},"70":{"start":{"line":342,"column":61},"end":{"line":342,"column":81}},"71":{"start":{"line":342,"column":81},"end":{"line":342,"column":99}},"72":{"start":{"line":378,"column":33},"end":{"line":378,"column":null}},"73":{"start":{"line":401,"column":33},"end":{"line":401,"column":null}},"74":{"start":{"line":422,"column":33},"end":{"line":422,"column":null}}},"fnMap":{"0":{"name":"(anonymous_0)","decl":{"start":{"line":17,"column":69},"end":{"line":17,"column":70}},"loc":{"start":{"line":17,"column":105},"end":{"line":449,"column":null}},"line":17},"1":{"name":"(anonymous_1)","decl":{"start":{"line":34,"column":12},"end":{"line":34,"column":18}},"loc":{"start":{"line":34,"column":18},"end":{"line":44,"column":5}},"line":34},"2":{"name":"(anonymous_2)","decl":{"start":{"line":35,"column":26},"end":{"line":35,"column":27}},"loc":{"start":{"line":35,"column":48},"end":{"line":39,"column":null}},"line":35},"3":{"name":"(anonymous_3)","decl":{"start":{"line":43,"column":11},"end":{"line":43,"column":17}},"loc":{"start":{"line":43,"column":17},"end":{"line":43,"column":null}},"line":43},"4":{"name":"(anonymous_4)","decl":{"start":{"line":48,"column":22},"end":{"line":48,"column":23}},"loc":{"start":{"line":48,"column":41},"end":{"line":54,"column":null}},"line":48},"5":{"name":"(anonymous_5)","decl":{"start":{"line":50,"column":46},"end":{"line":50,"column":51}},"loc":{"start":{"line":50,"column":51},"end":{"line":50,"column":62}},"line":50},"6":{"name":"(anonymous_6)","decl":{"start":{"line":56,"column":25},"end":{"line":56,"column":31}},"loc":{"start":{"line":56,"column":31},"end":{"line":61,"column":null}},"line":56},"7":{"name":"(anonymous_7)","decl":{"start":{"line":63,"column":21},"end":{"line":63,"column":22}},"loc":{"start":{"line":63,"column":41},"end":{"line":71,"column":null}},"line":63},"8":{"name":"(anonymous_8)","decl":{"start":{"line":66,"column":46},"end":{"line":66,"column":51}},"loc":{"start":{"line":66,"column":51},"end":{"line":66,"column":61}},"line":66},"9":{"name":"(anonymous_9)","decl":{"start":{"line":74,"column":50},"end":{"line":74,"column":55}},"loc":{"start":{"line":74,"column":55},"end":{"line":74,"column":113}},"line":74},"10":{"name":"(anonymous_10)","decl":{"start":{"line":79,"column":23},"end":{"line":79,"column":24}},"loc":{"start":{"line":79,"column":47},"end":{"line":109,"column":null}},"line":79},"11":{"name":"(anonymous_11)","decl":{"start":{"line":124,"column":15},"end":{"line":124,"column":16}},"loc":{"start":{"line":124,"column":22},"end":{"line":126,"column":null}},"line":124},"12":{"name":"(anonymous_12)","decl":{"start":{"line":205,"column":26},"end":{"line":205,"column":27}},"loc":{"start":{"line":205,"column":33},"end":{"line":205,"column":null}},"line":205},"13":{"name":"(anonymous_13)","decl":{"start":{"line":227,"column":26},"end":{"line":227,"column":27}},"loc":{"start":{"line":227,"column":33},"end":{"line":227,"column":null}},"line":227},"14":{"name":"(anonymous_14)","decl":{"start":{"line":239,"column":32},"end":{"line":239,"column":null}},"loc":{"start":{"line":240,"column":18},"end":{"line":242,"column":null}},"line":240},"15":{"name":"(anonymous_15)","decl":{"start":{"line":258,"column":24},"end":{"line":258,"column":25}},"loc":{"start":{"line":258,"column":31},"end":{"line":258,"column":null}},"line":258},"16":{"name":"(anonymous_16)","decl":{"start":{"line":280,"column":29},"end":{"line":280,"column":37}},"loc":{"start":{"line":280,"column":37},"end":{"line":301,"column":15}},"line":280},"17":{"name":"(anonymous_17)","decl":{"start":{"line":286,"column":29},"end":{"line":286,"column":35}},"loc":{"start":{"line":286,"column":35},"end":{"line":286,"column":null}},"line":286},"18":{"name":"(anonymous_18)","decl":{"start":{"line":311,"column":53},"end":{"line":311,"column":62}},"loc":{"start":{"line":311,"column":62},"end":{"line":332,"column":15}},"line":311},"19":{"name":"(anonymous_19)","decl":{"start":{"line":317,"column":29},"end":{"line":317,"column":35}},"loc":{"start":{"line":317,"column":35},"end":{"line":317,"column":null}},"line":317},"20":{"name":"(anonymous_20)","decl":{"start":{"line":340,"column":26},"end":{"line":340,"column":27}},"loc":{"start":{"line":340,"column":33},"end":{"line":340,"column":null}},"line":340},"21":{"name":"(anonymous_21)","decl":{"start":{"line":342,"column":27},"end":{"line":342,"column":28}},"loc":{"start":{"line":342,"column":34},"end":{"line":342,"column":null}},"line":342},"22":{"name":"(anonymous_22)","decl":{"start":{"line":378,"column":26},"end":{"line":378,"column":27}},"loc":{"start":{"line":378,"column":33},"end":{"line":378,"column":null}},"line":378},"23":{"name":"(anonymous_23)","decl":{"start":{"line":401,"column":26},"end":{"line":401,"column":27}},"loc":{"start":{"line":401,"column":33},"end":{"line":401,"column":null}},"line":401},"24":{"name":"(anonymous_24)","decl":{"start":{"line":422,"column":26},"end":{"line":422,"column":27}},"loc":{"start":{"line":422,"column":33},"end":{"line":422,"column":null}},"line":422}},"branchMap":{"0":{"loc":{"start":{"line":36,"column":6},"end":{"line":38,"column":null}},"type":"if","locations":[{"start":{"line":36,"column":6},"end":{"line":38,"column":null}},{"start":{},"end":{}}],"line":36},"1":{"loc":{"start":{"line":40,"column":4},"end":{"line":42,"column":null}},"type":"if","locations":[{"start":{"line":40,"column":4},"end":{"line":42,"column":null}},{"start":{},"end":{}}],"line":40},"2":{"loc":{"start":{"line":46,"column":2},"end":{"line":46,"column":null}},"type":"if","locations":[{"start":{"line":46,"column":2},"end":{"line":46,"column":null}},{"start":{},"end":{}}],"line":46},"3":{"loc":{"start":{"line":49,"column":4},"end":{"line":53,"column":null}},"type":"if","locations":[{"start":{"line":49,"column":4},"end":{"line":53,"column":null}},{"start":{"line":51,"column":11},"end":{"line":53,"column":null}}],"line":49},"4":{"loc":{"start":{"line":57,"column":4},"end":{"line":60,"column":null}},"type":"if","locations":[{"start":{"line":57,"column":4},"end":{"line":60,"column":null}},{"start":{},"end":{}}],"line":57},"5":{"loc":{"start":{"line":57,"column":8},"end":{"line":57,"column":86}},"type":"binary-expr","locations":[{"start":{"line":57,"column":8},"end":{"line":57,"column":35}},{"start":{"line":57,"column":35},"end":{"line":57,"column":86}}],"line":57},"6":{"loc":{"start":{"line":64,"column":4},"end":{"line":70,"column":null}},"type":"if","locations":[{"start":{"line":64,"column":4},"end":{"line":70,"column":null}},{"start":{"line":68,"column":11},"end":{"line":70,"column":null}}],"line":64},"7":{"loc":{"start":{"line":65,"column":6},"end":{"line":67,"column":null}},"type":"if","locations":[{"start":{"line":65,"column":6},"end":{"line":67,"column":null}},{"start":{},"end":{}}],"line":65},"8":{"loc":{"start":{"line":74,"column":30},"end":{"line":76,"column":null}},"type":"cond-expr","locations":[{"start":{"line":75,"column":6},"end":{"line":75,"column":null}},{"start":{"line":76,"column":6},"end":{"line":76,"column":null}}],"line":74},"9":{"loc":{"start":{"line":81,"column":4},"end":{"line":84,"column":null}},"type":"if","locations":[{"start":{"line":81,"column":4},"end":{"line":84,"column":null}},{"start":{},"end":{}}],"line":81},"10":{"loc":{"start":{"line":81,"column":8},"end":{"line":81,"column":46}},"type":"binary-expr","locations":[{"start":{"line":81,"column":8},"end":{"line":81,"column":25}},{"start":{"line":81,"column":25},"end":{"line":81,"column":46}}],"line":81},"11":{"loc":{"start":{"line":85,"column":4},"end":{"line":88,"column":null}},"type":"if","locations":[{"start":{"line":85,"column":4},"end":{"line":88,"column":null}},{"start":{},"end":{}}],"line":85},"12":{"loc":{"start":{"line":105,"column":4},"end":{"line":107,"column":null}},"type":"if","locations":[{"start":{"line":105,"column":4},"end":{"line":107,"column":null}},{"start":{},"end":{}}],"line":105},"13":{"loc":{"start":{"line":125,"column":8},"end":{"line":125,"column":null}},"type":"if","locations":[{"start":{"line":125,"column":8},"end":{"line":125,"column":null}},{"start":{},"end":{}}],"line":125},"14":{"loc":{"start":{"line":291,"column":34},"end":{"line":291,"column":null}},"type":"cond-expr","locations":[{"start":{"line":291,"column":47},"end":{"line":291,"column":76}},{"start":{"line":291,"column":76},"end":{"line":291,"column":null}}],"line":291},"15":{"loc":{"start":{"line":292,"column":30},"end":{"line":292,"column":null}},"type":"cond-expr","locations":[{"start":{"line":292,"column":43},"end":{"line":292,"column":81}},{"start":{"line":292,"column":81},"end":{"line":292,"column":null}}],"line":292},"16":{"loc":{"start":{"line":293,"column":29},"end":{"line":293,"column":null}},"type":"cond-expr","locations":[{"start":{"line":293,"column":42},"end":{"line":293,"column":54}},{"start":{"line":293,"column":54},"end":{"line":293,"column":null}}],"line":293},"17":{"loc":{"start":{"line":295,"column":34},"end":{"line":295,"column":null}},"type":"cond-expr","locations":[{"start":{"line":295,"column":47},"end":{"line":295,"column":53}},{"start":{"line":295,"column":53},"end":{"line":295,"column":null}}],"line":295},"18":{"loc":{"start":{"line":298,"column":21},"end":{"line":298,"column":47}},"type":"cond-expr","locations":[{"start":{"line":298,"column":34},"end":{"line":298,"column":41}},{"start":{"line":298,"column":41},"end":{"line":298,"column":47}}],"line":298},"19":{"loc":{"start":{"line":322,"column":34},"end":{"line":322,"column":null}},"type":"cond-expr","locations":[{"start":{"line":322,"column":47},"end":{"line":322,"column":74}},{"start":{"line":322,"column":74},"end":{"line":322,"column":null}}],"line":322},"20":{"loc":{"start":{"line":323,"column":30},"end":{"line":323,"column":null}},"type":"cond-expr","locations":[{"start":{"line":323,"column":43},"end":{"line":323,"column":80}},{"start":{"line":323,"column":80},"end":{"line":323,"column":null}}],"line":323},"21":{"loc":{"start":{"line":324,"column":29},"end":{"line":324,"column":null}},"type":"cond-expr","locations":[{"start":{"line":324,"column":42},"end":{"line":324,"column":65}},{"start":{"line":324,"column":65},"end":{"line":324,"column":null}}],"line":324},"22":{"loc":{"start":{"line":342,"column":36},"end":{"line":342,"column":101}},"type":"if","locations":[{"start":{"line":342,"column":36},"end":{"line":342,"column":101}},{"start":{},"end":{}}],"line":342},"23":{"loc":{"start":{"line":378,"column":50},"end":{"line":378,"column":79}},"type":"binary-expr","locations":[{"start":{"line":378,"column":50},"end":{"line":378,"column":78}},{"start":{"line":378,"column":78},"end":{"line":378,"column":79}}],"line":378},"24":{"loc":{"start":{"line":401,"column":52},"end":{"line":401,"column":82}},"type":"binary-expr","locations":[{"start":{"line":401,"column":52},"end":{"line":401,"column":80}},{"start":{"line":401,"column":80},"end":{"line":401,"column":82}}],"line":401}},"s":{"0":0,"1":0,"2":0,"3":0,"4":0,"5":0,"6":0,"7":0,"8":0,"9":0,"10":0,"11":0,"12":0,"13":0,"14":0,"15":0,"16":0,"17":0,"18":0,"19":0,"20":0,"21":0,"22":0,"23":0,"24":0,"25":0,"26":0,"27":0,"28":0,"29":0,"30":0,"31":0,"32":0,"33":0,"34":0,"35":0,"36":0,"37":0,"38":0,"39":0,"40":0,"41":0,"42":0,"43":0,"44":0,"45":0,"46":0,"47":0,"48":0,"49":0,"50":0,"51":0,"52":0,"53":0,"54":0,"55":0,"56":0,"57":0,"58":0,"59":0,"60":0,"61":0,"62":0,"63":0,"64":0,"65":0,"66":0,"67":0,"68":0,"69":0,"70":0,"71":0,"72":0,"73":0,"74":0},"f":{"0":0,"1":0,"2":0,"3":0,"4":0,"5":0,"6":0,"7":0,"8":0,"9":0,"10":0,"11":0,"12":0,"13":0,"14":0,"15":0,"16":0,"17":0,"18":0,"19":0,"20":0,"21":0,"22":0,"23":0,"24":0},"b":{"0":[0,0],"1":[0,0],"2":[0,0],"3":[0,0],"4":[0,0],"5":[0,0],"6":[0,0],"7":[0,0],"8":[0,0],"9":[0,0],"10":[0,0],"11":[0,0],"12":[0,0],"13":[0,0],"14":[0,0],"15":[0,0],"16":[0,0],"17":[0,0],"18":[0,0],"19":[0,0],"20":[0,0],"21":[0,0],"22":[0,0],"23":[0,0],"24":[0,0]},"meta":{"lastBranch":25,"lastFunction":25,"lastStatement":75,"seen":{"s:13:38:15:Infinity":0,"s:17:69:449:Infinity":1,"f:17:69:17:70":0,"s:18:34:18:Infinity":2,"s:20:24:20:Infinity":3,"s:21:36:21:Infinity":4,"s:22:30:22:Infinity":5,"s:23:36:23:Infinity":6,"s:24:40:24:Infinity":7,"s:25:30:25:Infinity":8,"s:26:44:26:Infinity":9,"s:27:60:27:Infinity":10,"s:28:54:28:Infinity":11,"s:30:42:30:Infinity":12,"s:31:46:31:Infinity":13,"s:32:40:32:Infinity":14,"s:34:2:44:Infinity":15,"f:34:12:34:18":1,"s:35:26:39:Infinity":16,"f:35:26:35:27":2,"b:36:6:38:Infinity:undefined:undefined:undefined:undefined":0,"s:36:6:38:Infinity":17,"s:37:8:37:Infinity":18,"b:40:4:42:Infinity:undefined:undefined:undefined:undefined":1,"s:40:4:42:Infinity":19,"s:41:6:41:Infinity":20,"s:43:4:43:Infinity":21,"f:43:11:43:17":3,"s:43:17:43:Infinity":22,"b:46:2:46:Infinity:undefined:undefined:undefined:undefined":2,"s:46:2:46:Infinity":23,"s:46:15:46:Infinity":24,"s:48:22:54:Infinity":25,"f:48:22:48:23":4,"b:49:4:53:Infinity:51:11:53:Infinity":3,"s:49:4:53:Infinity":26,"s:50:6:50:Infinity":27,"f:50:46:50:51":5,"s:50:51:50:62":28,"s:52:6:52:Infinity":29,"s:56:25:61:Infinity":30,"f:56:25:56:31":6,"b:57:4:60:Infinity:undefined:undefined:undefined:undefined":4,"s:57:4:60:Infinity":31,"b:57:8:57:35:57:35:57:86":5,"s:58:6:58:Infinity":32,"s:59:6:59:Infinity":33,"s:63:21:71:Infinity":34,"f:63:21:63:22":7,"b:64:4:70:Infinity:68:11:70:Infinity":6,"s:64:4:70:Infinity":35,"b:65:6:67:Infinity:undefined:undefined:undefined:undefined":7,"s:65:6:67:Infinity":36,"s:66:8:66:Infinity":37,"f:66:46:66:51":8,"s:66:51:66:61":38,"s:69:6:69:Infinity":39,"s:74:30:76:Infinity":40,"b:75:6:75:Infinity:76:6:76:Infinity":8,"f:74:50:74:55":9,"s:74:55:74:113":41,"s:77:29:77:Infinity":42,"s:79:23:109:Infinity":43,"f:79:23:79:24":10,"s:80:4:80:Infinity":44,"b:81:4:84:Infinity:undefined:undefined:undefined:undefined":9,"s:81:4:84:Infinity":45,"b:81:8:81:25:81:25:81:46":10,"s:82:6:82:Infinity":46,"s:83:6:83:Infinity":47,"b:85:4:88:Infinity:undefined:undefined:undefined:undefined":11,"s:85:4:88:Infinity":48,"s:86:6:86:Infinity":49,"s:87:6:87:Infinity":50,"s:90:20:103:Infinity":51,"b:105:4:107:Infinity:undefined:undefined:undefined:undefined":12,"s:105:4:107:Infinity":52,"s:106:6:106:Infinity":53,"s:108:4:108:Infinity":54,"s:111:2:447:Infinity":55,"f:124:15:124:16":11,"b:125:8:125:Infinity:undefined:undefined:undefined:undefined":13,"s:125:8:125:Infinity":56,"s:125:42:125:Infinity":57,"f:205:26:205:27":12,"s:205:33:205:Infinity":58,"f:227:26:227:27":13,"s:227:33:227:Infinity":59,"f:239:32:239:Infinity":14,"s:240:18:242:Infinity":60,"f:258:24:258:25":15,"s:258:31:258:Infinity":61,"f:280:29:280:37":16,"s:281:35:281:Infinity":62,"s:282:16:299:Infinity":63,"f:286:29:286:35":17,"s:286:35:286:Infinity":64,"b:291:47:291:76:291:76:291:Infinity":14,"b:292:43:292:81:292:81:292:Infinity":15,"b:293:42:293:54:293:54:293:Infinity":16,"b:295:47:295:53:295:53:295:Infinity":17,"b:298:34:298:41:298:41:298:47":18,"f:311:53:311:62":18,"s:312:35:312:Infinity":65,"s:313:16:330:Infinity":66,"f:317:29:317:35":19,"s:317:35:317:Infinity":67,"b:322:47:322:74:322:74:322:Infinity":19,"b:323:43:323:80:323:80:323:Infinity":20,"b:324:42:324:65:324:65:324:Infinity":21,"f:340:26:340:27":20,"s:340:33:340:Infinity":68,"f:342:27:342:28":21,"b:342:36:342:101:undefined:undefined:undefined:undefined":22,"s:342:36:342:101":69,"s:342:61:342:81":70,"s:342:81:342:99":71,"f:378:26:378:27":22,"s:378:33:378:Infinity":72,"b:378:50:378:78:378:78:378:79":23,"f:401:26:401:27":23,"s:401:33:401:Infinity":73,"b:401:52:401:80:401:80:401:82":24,"f:422:26:422:27":24,"s:422:33:422:Infinity":74},"fnNames":{}}}
,"C:\\Users\\mohan\\.gemini\\antigravity-ide\\scratch\\projectmatch\\src\\components\\Footer.tsx": {"path":"C:\\Users\\mohan\\.gemini\\antigravity-ide\\scratch\\projectmatch\\src\\components\\Footer.tsx","statementMap":{"0":{"start":{"line":4,"column":32},"end":{"line":99,"column":null}},"1":{"start":{"line":5,"column":2},"end":{"line":97,"column":null}}},"fnMap":{"0":{"name":"(anonymous_0)","decl":{"start":{"line":4,"column":32},"end":{"line":4,"column":38}},"loc":{"start":{"line":4,"column":38},"end":{"line":99,"column":null}},"line":4}},"branchMap":{},"s":{"0":0,"1":0},"f":{"0":0},"b":{},"meta":{"lastBranch":0,"lastFunction":1,"lastStatement":2,"seen":{"s:4:32:99:Infinity":0,"f:4:32:4:38":0,"s:5:2:97:Infinity":1},"fnNames":{}}}
,"C:\\Users\\mohan\\.gemini\\antigravity-ide\\scratch\\projectmatch\\src\\components\\InviteModal.tsx": {"path":"C:\\Users\\mohan\\.gemini\\antigravity-ide\\scratch\\projectmatch\\src\\components\\InviteModal.tsx","statementMap":{"0":{"start":{"line":12,"column":55},"end":{"line":202,"column":null}},"1":{"start":{"line":13,"column":63},"end":{"line":13,"column":null}},"2":{"start":{"line":14,"column":23},"end":{"line":14,"column":null}},"3":{"start":{"line":14,"column":44},"end":{"line":14,"column":130}},"4":{"start":{"line":14,"column":100},"end":{"line":14,"column":129}},"5":{"start":{"line":16,"column":48},"end":{"line":16,"column":null}},"6":{"start":{"line":17,"column":38},"end":{"line":17,"column":null}},"7":{"start":{"line":18,"column":28},"end":{"line":20,"column":null}},"8":{"start":{"line":22,"column":2},"end":{"line":32,"column":null}},"9":{"start":{"line":23,"column":26},"end":{"line":27,"column":null}},"10":{"start":{"line":24,"column":6},"end":{"line":26,"column":null}},"11":{"start":{"line":25,"column":8},"end":{"line":25,"column":null}},"12":{"start":{"line":28,"column":4},"end":{"line":30,"column":null}},"13":{"start":{"line":29,"column":6},"end":{"line":29,"column":null}},"14":{"start":{"line":31,"column":4},"end":{"line":31,"column":null}},"15":{"start":{"line":31,"column":17},"end":{"line":31,"column":null}},"16":{"start":{"line":34,"column":2},"end":{"line":34,"column":null}},"17":{"start":{"line":34,"column":18},"end":{"line":34,"column":null}},"18":{"start":{"line":36,"column":21},"end":{"line":45,"column":null}},"19":{"start":{"line":37,"column":4},"end":{"line":37,"column":null}},"20":{"start":{"line":38,"column":4},"end":{"line":41,"column":null}},"21":{"start":{"line":39,"column":6},"end":{"line":39,"column":null}},"22":{"start":{"line":40,"column":6},"end":{"line":40,"column":null}},"23":{"start":{"line":43,"column":4},"end":{"line":43,"column":null}},"24":{"start":{"line":44,"column":4},"end":{"line":44,"column":null}},"25":{"start":{"line":47,"column":2},"end":{"line":200,"column":null}},"26":{"start":{"line":61,"column":8},"end":{"line":61,"column":null}},"27":{"start":{"line":61,"column":42},"end":{"line":61,"column":null}},"28":{"start":{"line":116,"column":31},"end":{"line":116,"column":null}},"29":{"start":{"line":129,"column":16},"end":{"line":131,"column":null}},"30":{"start":{"line":144,"column":31},"end":{"line":144,"column":null}},"31":{"start":{"line":157,"column":16},"end":{"line":159,"column":null}},"32":{"start":{"line":173,"column":31},"end":{"line":173,"column":null}}},"fnMap":{"0":{"name":"(anonymous_0)","decl":{"start":{"line":12,"column":55},"end":{"line":12,"column":56}},"loc":{"start":{"line":12,"column":83},"end":{"line":202,"column":null}},"line":12},"1":{"name":"(anonymous_1)","decl":{"start":{"line":14,"column":39},"end":{"line":14,"column":44}},"loc":{"start":{"line":14,"column":44},"end":{"line":14,"column":130}},"line":14},"2":{"name":"(anonymous_2)","decl":{"start":{"line":14,"column":95},"end":{"line":14,"column":100}},"loc":{"start":{"line":14,"column":100},"end":{"line":14,"column":129}},"line":14},"3":{"name":"(anonymous_3)","decl":{"start":{"line":22,"column":12},"end":{"line":22,"column":18}},"loc":{"start":{"line":22,"column":18},"end":{"line":32,"column":5}},"line":22},"4":{"name":"(anonymous_4)","decl":{"start":{"line":23,"column":26},"end":{"line":23,"column":27}},"loc":{"start":{"line":23,"column":48},"end":{"line":27,"column":null}},"line":23},"5":{"name":"(anonymous_5)","decl":{"start":{"line":31,"column":11},"end":{"line":31,"column":17}},"loc":{"start":{"line":31,"column":17},"end":{"line":31,"column":null}},"line":31},"6":{"name":"(anonymous_6)","decl":{"start":{"line":36,"column":21},"end":{"line":36,"column":22}},"loc":{"start":{"line":36,"column":45},"end":{"line":45,"column":null}},"line":36},"7":{"name":"(anonymous_7)","decl":{"start":{"line":60,"column":15},"end":{"line":60,"column":16}},"loc":{"start":{"line":60,"column":22},"end":{"line":62,"column":null}},"line":60},"8":{"name":"(anonymous_8)","decl":{"start":{"line":116,"column":24},"end":{"line":116,"column":25}},"loc":{"start":{"line":116,"column":31},"end":{"line":116,"column":null}},"line":116},"9":{"name":"(anonymous_9)","decl":{"start":{"line":128,"column":28},"end":{"line":128,"column":null}},"loc":{"start":{"line":129,"column":16},"end":{"line":131,"column":null}},"line":129},"10":{"name":"(anonymous_10)","decl":{"start":{"line":144,"column":24},"end":{"line":144,"column":25}},"loc":{"start":{"line":144,"column":31},"end":{"line":144,"column":null}},"line":144},"11":{"name":"(anonymous_11)","decl":{"start":{"line":156,"column":29},"end":{"line":156,"column":null}},"loc":{"start":{"line":157,"column":16},"end":{"line":159,"column":null}},"line":157},"12":{"name":"(anonymous_12)","decl":{"start":{"line":173,"column":24},"end":{"line":173,"column":25}},"loc":{"start":{"line":173,"column":31},"end":{"line":173,"column":null}},"line":173}},"branchMap":{"0":{"loc":{"start":{"line":14,"column":44},"end":{"line":14,"column":130}},"type":"binary-expr","locations":[{"start":{"line":14,"column":44},"end":{"line":14,"column":80}},{"start":{"line":14,"column":80},"end":{"line":14,"column":130}}],"line":14},"1":{"loc":{"start":{"line":16,"column":69},"end":{"line":16,"column":113}},"type":"binary-expr","locations":[{"start":{"line":16,"column":69},"end":{"line":16,"column":92}},{"start":{"line":16,"column":92},"end":{"line":16,"column":111}},{"start":{"line":16,"column":111},"end":{"line":16,"column":113}}],"line":16},"2":{"loc":{"start":{"line":17,"column":61},"end":{"line":17,"column":105}},"type":"binary-expr","locations":[{"start":{"line":17,"column":61},"end":{"line":17,"column":94}},{"start":{"line":17,"column":94},"end":{"line":17,"column":105}}],"line":17},"3":{"loc":{"start":{"line":19,"column":4},"end":{"line":19,"column":null}},"type":"cond-expr","locations":[{"start":{"line":19,"column":16},"end":{"line":19,"column":98}},{"start":{"line":19,"column":98},"end":{"line":19,"column":null}}],"line":19},"4":{"loc":{"start":{"line":24,"column":6},"end":{"line":26,"column":null}},"type":"if","locations":[{"start":{"line":24,"column":6},"end":{"line":26,"column":null}},{"start":{},"end":{}}],"line":24},"5":{"loc":{"start":{"line":28,"column":4},"end":{"line":30,"column":null}},"type":"if","locations":[{"start":{"line":28,"column":4},"end":{"line":30,"column":null}},{"start":{},"end":{}}],"line":28},"6":{"loc":{"start":{"line":34,"column":2},"end":{"line":34,"column":null}},"type":"if","locations":[{"start":{"line":34,"column":2},"end":{"line":34,"column":null}},{"start":{},"end":{}}],"line":34},"7":{"loc":{"start":{"line":38,"column":4},"end":{"line":41,"column":null}},"type":"if","locations":[{"start":{"line":38,"column":4},"end":{"line":41,"column":null}},{"start":{},"end":{}}],"line":38},"8":{"loc":{"start":{"line":61,"column":8},"end":{"line":61,"column":null}},"type":"if","locations":[{"start":{"line":61,"column":8},"end":{"line":61,"column":null}},{"start":{},"end":{}}],"line":61}},"s":{"0":0,"1":0,"2":0,"3":0,"4":0,"5":0,"6":0,"7":0,"8":0,"9":0,"10":0,"11":0,"12":0,"13":0,"14":0,"15":0,"16":0,"17":0,"18":0,"19":0,"20":0,"21":0,"22":0,"23":0,"24":0,"25":0,"26":0,"27":0,"28":0,"29":0,"30":0,"31":0,"32":0},"f":{"0":0,"1":0,"2":0,"3":0,"4":0,"5":0,"6":0,"7":0,"8":0,"9":0,"10":0,"11":0,"12":0},"b":{"0":[0,0],"1":[0,0,0],"2":[0,0],"3":[0,0],"4":[0,0],"5":[0,0],"6":[0,0],"7":[0,0],"8":[0,0]},"meta":{"lastBranch":9,"lastFunction":13,"lastStatement":33,"seen":{"s:12:55:202:Infinity":0,"f:12:55:12:56":0,"s:13:63:13:Infinity":1,"s:14:23:14:Infinity":2,"f:14:39:14:44":1,"s:14:44:14:130":3,"b:14:44:14:80:14:80:14:130":0,"f:14:95:14:100":2,"s:14:100:14:129":4,"s:16:48:16:Infinity":5,"b:16:69:16:92:16:92:16:111:16:111:16:113":1,"s:17:38:17:Infinity":6,"b:17:61:17:94:17:94:17:105":2,"s:18:28:20:Infinity":7,"b:19:16:19:98:19:98:19:Infinity":3,"s:22:2:32:Infinity":8,"f:22:12:22:18":3,"s:23:26:27:Infinity":9,"f:23:26:23:27":4,"b:24:6:26:Infinity:undefined:undefined:undefined:undefined":4,"s:24:6:26:Infinity":10,"s:25:8:25:Infinity":11,"b:28:4:30:Infinity:undefined:undefined:undefined:undefined":5,"s:28:4:30:Infinity":12,"s:29:6:29:Infinity":13,"s:31:4:31:Infinity":14,"f:31:11:31:17":5,"s:31:17:31:Infinity":15,"b:34:2:34:Infinity:undefined:undefined:undefined:undefined":6,"s:34:2:34:Infinity":16,"s:34:18:34:Infinity":17,"s:36:21:45:Infinity":18,"f:36:21:36:22":6,"s:37:4:37:Infinity":19,"b:38:4:41:Infinity:undefined:undefined:undefined:undefined":7,"s:38:4:41:Infinity":20,"s:39:6:39:Infinity":21,"s:40:6:40:Infinity":22,"s:43:4:43:Infinity":23,"s:44:4:44:Infinity":24,"s:47:2:200:Infinity":25,"f:60:15:60:16":7,"b:61:8:61:Infinity:undefined:undefined:undefined:undefined":8,"s:61:8:61:Infinity":26,"s:61:42:61:Infinity":27,"f:116:24:116:25":8,"s:116:31:116:Infinity":28,"f:128:28:128:Infinity":9,"s:129:16:131:Infinity":29,"f:144:24:144:25":10,"s:144:31:144:Infinity":30,"f:156:29:156:Infinity":11,"s:157:16:159:Infinity":31,"f:173:24:173:25":12,"s:173:31:173:Infinity":32},"fnNames":{}}}
,"C:\\Users\\mohan\\.gemini\\antigravity-ide\\scratch\\projectmatch\\src\\components\\MatchCalculationModal.tsx": {"path":"C:\\Users\\mohan\\.gemini\\antigravity-ide\\scratch\\projectmatch\\src\\components\\MatchCalculationModal.tsx","statementMap":{"0":{"start":{"line":12,"column":75},"end":{"line":163,"column":null}},"1":{"start":{"line":18,"column":2},"end":{"line":28,"column":null}},"2":{"start":{"line":19,"column":26},"end":{"line":23,"column":null}},"3":{"start":{"line":20,"column":6},"end":{"line":22,"column":null}},"4":{"start":{"line":21,"column":8},"end":{"line":21,"column":null}},"5":{"start":{"line":24,"column":4},"end":{"line":26,"column":null}},"6":{"start":{"line":25,"column":6},"end":{"line":25,"column":null}},"7":{"start":{"line":27,"column":4},"end":{"line":27,"column":null}},"8":{"start":{"line":27,"column":17},"end":{"line":27,"column":null}},"9":{"start":{"line":30,"column":2},"end":{"line":30,"column":null}},"10":{"start":{"line":30,"column":17},"end":{"line":30,"column":null}},"11":{"start":{"line":32,"column":2},"end":{"line":161,"column":null}},"12":{"start":{"line":46,"column":8},"end":{"line":46,"column":null}},"13":{"start":{"line":46,"column":42},"end":{"line":46,"column":null}},"14":{"start":{"line":124,"column":12},"end":{"line":144,"column":null}}},"fnMap":{"0":{"name":"(anonymous_0)","decl":{"start":{"line":12,"column":75},"end":{"line":12,"column":76}},"loc":{"start":{"line":17,"column":6},"end":{"line":163,"column":null}},"line":17},"1":{"name":"(anonymous_1)","decl":{"start":{"line":18,"column":12},"end":{"line":18,"column":18}},"loc":{"start":{"line":18,"column":18},"end":{"line":28,"column":5}},"line":18},"2":{"name":"(anonymous_2)","decl":{"start":{"line":19,"column":26},"end":{"line":19,"column":27}},"loc":{"start":{"line":19,"column":48},"end":{"line":23,"column":null}},"line":19},"3":{"name":"(anonymous_3)","decl":{"start":{"line":27,"column":11},"end":{"line":27,"column":17}},"loc":{"start":{"line":27,"column":17},"end":{"line":27,"column":null}},"line":27},"4":{"name":"(anonymous_4)","decl":{"start":{"line":45,"column":15},"end":{"line":45,"column":16}},"loc":{"start":{"line":45,"column":22},"end":{"line":47,"column":null}},"line":45},"5":{"name":"(anonymous_5)","decl":{"start":{"line":123,"column":32},"end":{"line":123,"column":null}},"loc":{"start":{"line":124,"column":12},"end":{"line":144,"column":null}},"line":124}},"branchMap":{"0":{"loc":{"start":{"line":20,"column":6},"end":{"line":22,"column":null}},"type":"if","locations":[{"start":{"line":20,"column":6},"end":{"line":22,"column":null}},{"start":{},"end":{}}],"line":20},"1":{"loc":{"start":{"line":24,"column":4},"end":{"line":26,"column":null}},"type":"if","locations":[{"start":{"line":24,"column":4},"end":{"line":26,"column":null}},{"start":{},"end":{}}],"line":24},"2":{"loc":{"start":{"line":30,"column":2},"end":{"line":30,"column":null}},"type":"if","locations":[{"start":{"line":30,"column":2},"end":{"line":30,"column":null}},{"start":{},"end":{}}],"line":30},"3":{"loc":{"start":{"line":46,"column":8},"end":{"line":46,"column":null}},"type":"if","locations":[{"start":{"line":46,"column":8},"end":{"line":46,"column":null}},{"start":{},"end":{}}],"line":46}},"s":{"0":0,"1":0,"2":0,"3":0,"4":0,"5":0,"6":0,"7":0,"8":0,"9":0,"10":0,"11":0,"12":0,"13":0,"14":0},"f":{"0":0,"1":0,"2":0,"3":0,"4":0,"5":0},"b":{"0":[0,0],"1":[0,0],"2":[0,0],"3":[0,0]},"meta":{"lastBranch":4,"lastFunction":6,"lastStatement":15,"seen":{"s:12:75:163:Infinity":0,"f:12:75:12:76":0,"s:18:2:28:Infinity":1,"f:18:12:18:18":1,"s:19:26:23:Infinity":2,"f:19:26:19:27":2,"b:20:6:22:Infinity:undefined:undefined:undefined:undefined":0,"s:20:6:22:Infinity":3,"s:21:8:21:Infinity":4,"b:24:4:26:Infinity:undefined:undefined:undefined:undefined":1,"s:24:4:26:Infinity":5,"s:25:6:25:Infinity":6,"s:27:4:27:Infinity":7,"f:27:11:27:17":3,"s:27:17:27:Infinity":8,"b:30:2:30:Infinity:undefined:undefined:undefined:undefined":2,"s:30:2:30:Infinity":9,"s:30:17:30:Infinity":10,"s:32:2:161:Infinity":11,"f:45:15:45:16":4,"b:46:8:46:Infinity:undefined:undefined:undefined:undefined":3,"s:46:8:46:Infinity":12,"s:46:42:46:Infinity":13,"f:123:32:123:Infinity":5,"s:124:12:144:Infinity":14},"fnNames":{}}}
,"C:\\Users\\mohan\\.gemini\\antigravity-ide\\scratch\\projectmatch\\src\\components\\Navbar.tsx": {"path":"C:\\Users\\mohan\\.gemini\\antigravity-ide\\scratch\\projectmatch\\src\\components\\Navbar.tsx","statementMap":{"0":{"start":{"line":10,"column":45},"end":{"line":385,"column":null}},"1":{"start":{"line":11,"column":110},"end":{"line":11,"column":null}},"2":{"start":{"line":12,"column":42},"end":{"line":12,"column":null}},"3":{"start":{"line":13,"column":38},"end":{"line":13,"column":null}},"4":{"start":{"line":14,"column":32},"end":{"line":14,"column":null}},"5":{"start":{"line":16,"column":22},"end":{"line":16,"column":null}},"6":{"start":{"line":16,"column":48},"end":{"line":16,"column":55}},"7":{"start":{"line":18,"column":19},"end":{"line":24,"column":null}},"8":{"start":{"line":27,"column":2},"end":{"line":37,"column":null}},"9":{"start":{"line":28,"column":26},"end":{"line":34,"column":null}},"10":{"start":{"line":29,"column":6},"end":{"line":33,"column":null}},"11":{"start":{"line":30,"column":8},"end":{"line":30,"column":null}},"12":{"start":{"line":31,"column":8},"end":{"line":31,"column":null}},"13":{"start":{"line":32,"column":8},"end":{"line":32,"column":null}},"14":{"start":{"line":35,"column":4},"end":{"line":35,"column":null}},"15":{"start":{"line":36,"column":4},"end":{"line":36,"column":null}},"16":{"start":{"line":36,"column":17},"end":{"line":36,"column":null}},"17":{"start":{"line":39,"column":2},"end":{"line":383,"column":null}},"18":{"start":{"line":56,"column":25},"end":{"line":56,"column":null}},"19":{"start":{"line":93,"column":12},"end":{"line":93,"column":null}},"20":{"start":{"line":93,"column":55},"end":{"line":93,"column":null}},"21":{"start":{"line":94,"column":29},"end":{"line":94,"column":null}},"22":{"start":{"line":95,"column":25},"end":{"line":95,"column":null}},"23":{"start":{"line":96,"column":12},"end":{"line":118,"column":null}},"24":{"start":{"line":99,"column":31},"end":{"line":99,"column":null}},"25":{"start":{"line":129,"column":29},"end":{"line":129,"column":null}},"26":{"start":{"line":173,"column":18},"end":{"line":197,"column":null}},"27":{"start":{"line":177,"column":22},"end":{"line":177,"column":null}},"28":{"start":{"line":178,"column":22},"end":{"line":178,"column":null}},"29":{"start":{"line":207,"column":31},"end":{"line":207,"column":null}},"30":{"start":{"line":261,"column":22},"end":{"line":282,"column":null}},"31":{"start":{"line":265,"column":26},"end":{"line":265,"column":null}},"32":{"start":{"line":266,"column":26},"end":{"line":266,"column":null}},"33":{"start":{"line":266,"column":38},"end":{"line":266,"column":null}},"34":{"start":{"line":267,"column":26},"end":{"line":267,"column":null}},"35":{"start":{"line":293,"column":29},"end":{"line":293,"column":null}},"36":{"start":{"line":313,"column":29},"end":{"line":313,"column":null}},"37":{"start":{"line":325,"column":27},"end":{"line":325,"column":null}},"38":{"start":{"line":354,"column":12},"end":{"line":354,"column":null}},"39":{"start":{"line":354,"column":55},"end":{"line":354,"column":null}},"40":{"start":{"line":355,"column":29},"end":{"line":355,"column":null}},"41":{"start":{"line":356,"column":25},"end":{"line":356,"column":null}},"42":{"start":{"line":357,"column":12},"end":{"line":378,"column":null}},"43":{"start":{"line":361,"column":18},"end":{"line":361,"column":null}},"44":{"start":{"line":362,"column":18},"end":{"line":362,"column":null}}},"fnMap":{"0":{"name":"(anonymous_0)","decl":{"start":{"line":10,"column":45},"end":{"line":10,"column":46}},"loc":{"start":{"line":10,"column":77},"end":{"line":385,"column":null}},"line":10},"1":{"name":"(anonymous_1)","decl":{"start":{"line":16,"column":43},"end":{"line":16,"column":48}},"loc":{"start":{"line":16,"column":48},"end":{"line":16,"column":55}},"line":16},"2":{"name":"(anonymous_2)","decl":{"start":{"line":27,"column":12},"end":{"line":27,"column":18}},"loc":{"start":{"line":27,"column":18},"end":{"line":37,"column":5}},"line":27},"3":{"name":"(anonymous_3)","decl":{"start":{"line":28,"column":26},"end":{"line":28,"column":27}},"loc":{"start":{"line":28,"column":48},"end":{"line":34,"column":null}},"line":28},"4":{"name":"(anonymous_4)","decl":{"start":{"line":36,"column":11},"end":{"line":36,"column":17}},"loc":{"start":{"line":36,"column":17},"end":{"line":36,"column":null}},"line":36},"5":{"name":"(anonymous_5)","decl":{"start":{"line":56,"column":19},"end":{"line":56,"column":25}},"loc":{"start":{"line":56,"column":25},"end":{"line":56,"column":null}},"line":56},"6":{"name":"(anonymous_6)","decl":{"start":{"line":92,"column":24},"end":{"line":92,"column":32}},"loc":{"start":{"line":92,"column":32},"end":{"line":120,"column":11}},"line":92},"7":{"name":"(anonymous_7)","decl":{"start":{"line":99,"column":25},"end":{"line":99,"column":31}},"loc":{"start":{"line":99,"column":31},"end":{"line":99,"column":null}},"line":99},"8":{"name":"(anonymous_8)","decl":{"start":{"line":129,"column":23},"end":{"line":129,"column":29}},"loc":{"start":{"line":129,"column":29},"end":{"line":129,"column":null}},"line":129},"9":{"name":"(anonymous_9)","decl":{"start":{"line":172,"column":42},"end":{"line":172,"column":null}},"loc":{"start":{"line":173,"column":18},"end":{"line":197,"column":null}},"line":173},"10":{"name":"(anonymous_10)","decl":{"start":{"line":176,"column":29},"end":{"line":176,"column":35}},"loc":{"start":{"line":176,"column":35},"end":{"line":179,"column":null}},"line":176},"11":{"name":"(anonymous_11)","decl":{"start":{"line":207,"column":25},"end":{"line":207,"column":31}},"loc":{"start":{"line":207,"column":31},"end":{"line":207,"column":null}},"line":207},"12":{"name":"(anonymous_12)","decl":{"start":{"line":260,"column":39},"end":{"line":260,"column":null}},"loc":{"start":{"line":261,"column":22},"end":{"line":282,"column":null}},"line":261},"13":{"name":"(anonymous_13)","decl":{"start":{"line":264,"column":33},"end":{"line":264,"column":39}},"loc":{"start":{"line":264,"column":39},"end":{"line":268,"column":null}},"line":264},"14":{"name":"(anonymous_14)","decl":{"start":{"line":293,"column":23},"end":{"line":293,"column":29}},"loc":{"start":{"line":293,"column":29},"end":{"line":293,"column":null}},"line":293},"15":{"name":"(anonymous_15)","decl":{"start":{"line":313,"column":23},"end":{"line":313,"column":29}},"loc":{"start":{"line":313,"column":29},"end":{"line":313,"column":null}},"line":313},"16":{"name":"(anonymous_16)","decl":{"start":{"line":325,"column":21},"end":{"line":325,"column":27}},"loc":{"start":{"line":325,"column":27},"end":{"line":325,"column":null}},"line":325},"17":{"name":"(anonymous_17)","decl":{"start":{"line":353,"column":24},"end":{"line":353,"column":32}},"loc":{"start":{"line":353,"column":32},"end":{"line":380,"column":11}},"line":353},"18":{"name":"(anonymous_18)","decl":{"start":{"line":360,"column":25},"end":{"line":360,"column":31}},"loc":{"start":{"line":360,"column":31},"end":{"line":363,"column":null}},"line":360}},"branchMap":{"0":{"loc":{"start":{"line":29,"column":6},"end":{"line":33,"column":null}},"type":"if","locations":[{"start":{"line":29,"column":6},"end":{"line":33,"column":null}},{"start":{},"end":{}}],"line":29},"1":{"loc":{"start":{"line":93,"column":12},"end":{"line":93,"column":null}},"type":"if","locations":[{"start":{"line":93,"column":12},"end":{"line":93,"column":null}},{"start":{},"end":{}}],"line":93},"2":{"loc":{"start":{"line":93,"column":16},"end":{"line":93,"column":55}},"type":"binary-expr","locations":[{"start":{"line":93,"column":16},"end":{"line":93,"column":37}},{"start":{"line":93,"column":37},"end":{"line":93,"column":55}}],"line":93},"3":{"loc":{"start":{"line":101,"column":30},"end":{"line":101,"column":null}},"type":"cond-expr","locations":[{"start":{"line":101,"column":41},"end":{"line":101,"column":50}},{"start":{"line":101,"column":50},"end":{"line":101,"column":null}}],"line":101},"4":{"loc":{"start":{"line":109,"column":30},"end":{"line":109,"column":null}},"type":"cond-expr","locations":[{"start":{"line":109,"column":41},"end":{"line":109,"column":47}},{"start":{"line":109,"column":47},"end":{"line":109,"column":null}}],"line":109},"5":{"loc":{"start":{"line":110,"column":25},"end":{"line":110,"column":null}},"type":"cond-expr","locations":[{"start":{"line":110,"column":36},"end":{"line":110,"column":48}},{"start":{"line":110,"column":48},"end":{"line":110,"column":null}}],"line":110},"6":{"loc":{"start":{"line":111,"column":30},"end":{"line":111,"column":null}},"type":"cond-expr","locations":[{"start":{"line":111,"column":41},"end":{"line":111,"column":70}},{"start":{"line":111,"column":70},"end":{"line":111,"column":null}}],"line":111},"7":{"loc":{"start":{"line":112,"column":26},"end":{"line":112,"column":null}},"type":"cond-expr","locations":[{"start":{"line":112,"column":37},"end":{"line":112,"column":75}},{"start":{"line":112,"column":75},"end":{"line":112,"column":null}}],"line":112},"8":{"loc":{"start":{"line":116,"column":39},"end":{"line":116,"column":97}},"type":"cond-expr","locations":[{"start":{"line":116,"column":50},"end":{"line":116,"column":76}},{"start":{"line":116,"column":76},"end":{"line":116,"column":97}}],"line":116},"9":{"loc":{"start":{"line":148,"column":21},"end":{"line":148,"column":85}},"type":"cond-expr","locations":[{"start":{"line":148,"column":35},"end":{"line":148,"column":73}},{"start":{"line":148,"column":73},"end":{"line":148,"column":85}}],"line":148},"10":{"loc":{"start":{"line":152,"column":13},"end":{"line":199,"column":null}},"type":"binary-expr","locations":[{"start":{"line":152,"column":13},"end":{"line":152,"column":null}},{"start":{"line":153,"column":14},"end":{"line":199,"column":null}}],"line":152},"11":{"loc":{"start":{"line":186,"column":34},"end":{"line":186,"column":null}},"type":"cond-expr","locations":[{"start":{"line":186,"column":61},"end":{"line":186,"column":89}},{"start":{"line":186,"column":89},"end":{"line":186,"column":null}}],"line":186},"12":{"loc":{"start":{"line":187,"column":29},"end":{"line":187,"column":null}},"type":"cond-expr","locations":[{"start":{"line":187,"column":56},"end":{"line":187,"column":68}},{"start":{"line":187,"column":68},"end":{"line":187,"column":null}}],"line":187},"13":{"loc":{"start":{"line":196,"column":21},"end":{"line":196,"column":null}},"type":"binary-expr","locations":[{"start":{"line":196,"column":21},"end":{"line":196,"column":49}},{"start":{"line":196,"column":49},"end":{"line":196,"column":null}}],"line":196},"14":{"loc":{"start":{"line":204,"column":11},"end":{"line":287,"column":null}},"type":"binary-expr","locations":[{"start":{"line":204,"column":11},"end":{"line":204,"column":null}},{"start":{"line":205,"column":12},"end":{"line":287,"column":null}}],"line":204},"15":{"loc":{"start":{"line":225,"column":17},"end":{"line":237,"column":null}},"type":"binary-expr","locations":[{"start":{"line":225,"column":17},"end":{"line":225,"column":null}},{"start":{"line":226,"column":18},"end":{"line":237,"column":null}}],"line":225},"16":{"loc":{"start":{"line":241,"column":15},"end":{"line":285,"column":null}},"type":"binary-expr","locations":[{"start":{"line":241,"column":15},"end":{"line":241,"column":null}},{"start":{"line":242,"column":16},"end":{"line":285,"column":null}}],"line":241},"17":{"loc":{"start":{"line":266,"column":26},"end":{"line":266,"column":null}},"type":"if","locations":[{"start":{"line":266,"column":26},"end":{"line":266,"column":null}},{"start":{},"end":{}}],"line":266},"18":{"loc":{"start":{"line":272,"column":38},"end":{"line":272,"column":null}},"type":"cond-expr","locations":[{"start":{"line":272,"column":47},"end":{"line":272,"column":63}},{"start":{"line":272,"column":63},"end":{"line":272,"column":null}}],"line":272},"19":{"loc":{"start":{"line":291,"column":11},"end":{"line":320,"column":null}},"type":"cond-expr","locations":[{"start":{"line":292,"column":12},"end":{"line":310,"column":null}},{"start":{"line":312,"column":12},"end":{"line":320,"column":null}}],"line":291},"20":{"loc":{"start":{"line":336,"column":13},"end":{"line":336,"column":null}},"type":"cond-expr","locations":[{"start":{"line":336,"column":30},"end":{"line":336,"column":48}},{"start":{"line":336,"column":48},"end":{"line":336,"column":null}}],"line":336},"21":{"loc":{"start":{"line":342,"column":7},"end":{"line":381,"column":null}},"type":"binary-expr","locations":[{"start":{"line":342,"column":7},"end":{"line":342,"column":null}},{"start":{"line":343,"column":8},"end":{"line":381,"column":null}}],"line":342},"22":{"loc":{"start":{"line":354,"column":12},"end":{"line":354,"column":null}},"type":"if","locations":[{"start":{"line":354,"column":12},"end":{"line":354,"column":null}},{"start":{},"end":{}}],"line":354},"23":{"loc":{"start":{"line":354,"column":16},"end":{"line":354,"column":55}},"type":"binary-expr","locations":[{"start":{"line":354,"column":16},"end":{"line":354,"column":37}},{"start":{"line":354,"column":37},"end":{"line":354,"column":55}}],"line":354},"24":{"loc":{"start":{"line":370,"column":30},"end":{"line":370,"column":null}},"type":"cond-expr","locations":[{"start":{"line":370,"column":41},"end":{"line":370,"column":69}},{"start":{"line":370,"column":69},"end":{"line":370,"column":null}}],"line":370},"25":{"loc":{"start":{"line":371,"column":25},"end":{"line":371,"column":null}},"type":"cond-expr","locations":[{"start":{"line":371,"column":36},"end":{"line":371,"column":48}},{"start":{"line":371,"column":48},"end":{"line":371,"column":null}}],"line":371},"26":{"loc":{"start":{"line":376,"column":39},"end":{"line":376,"column":97}},"type":"cond-expr","locations":[{"start":{"line":376,"column":50},"end":{"line":376,"column":76}},{"start":{"line":376,"column":76},"end":{"line":376,"column":97}}],"line":376}},"s":{"0":0,"1":0,"2":0,"3":0,"4":0,"5":0,"6":0,"7":0,"8":0,"9":0,"10":0,"11":0,"12":0,"13":0,"14":0,"15":0,"16":0,"17":0,"18":0,"19":0,"20":0,"21":0,"22":0,"23":0,"24":0,"25":0,"26":0,"27":0,"28":0,"29":0,"30":0,"31":0,"32":0,"33":0,"34":0,"35":0,"36":0,"37":0,"38":0,"39":0,"40":0,"41":0,"42":0,"43":0,"44":0},"f":{"0":0,"1":0,"2":0,"3":0,"4":0,"5":0,"6":0,"7":0,"8":0,"9":0,"10":0,"11":0,"12":0,"13":0,"14":0,"15":0,"16":0,"17":0,"18":0},"b":{"0":[0,0],"1":[0,0],"2":[0,0],"3":[0,0],"4":[0,0],"5":[0,0],"6":[0,0],"7":[0,0],"8":[0,0],"9":[0,0],"10":[0,0],"11":[0,0],"12":[0,0],"13":[0,0],"14":[0,0],"15":[0,0],"16":[0,0],"17":[0,0],"18":[0,0],"19":[0,0],"20":[0,0],"21":[0,0],"22":[0,0],"23":[0,0],"24":[0,0],"25":[0,0],"26":[0,0]},"meta":{"lastBranch":27,"lastFunction":19,"lastStatement":45,"seen":{"s:10:45:385:Infinity":0,"f:10:45:10:46":0,"s:11:110:11:Infinity":1,"s:12:42:12:Infinity":2,"s:13:38:13:Infinity":3,"s:14:32:14:Infinity":4,"s:16:22:16:Infinity":5,"f:16:43:16:48":1,"s:16:48:16:55":6,"s:18:19:24:Infinity":7,"s:27:2:37:Infinity":8,"f:27:12:27:18":2,"s:28:26:34:Infinity":9,"f:28:26:28:27":3,"b:29:6:33:Infinity:undefined:undefined:undefined:undefined":0,"s:29:6:33:Infinity":10,"s:30:8:30:Infinity":11,"s:31:8:31:Infinity":12,"s:32:8:32:Infinity":13,"s:35:4:35:Infinity":14,"s:36:4:36:Infinity":15,"f:36:11:36:17":4,"s:36:17:36:Infinity":16,"s:39:2:383:Infinity":17,"f:56:19:56:25":5,"s:56:25:56:Infinity":18,"f:92:24:92:32":6,"b:93:12:93:Infinity:undefined:undefined:undefined:undefined":1,"s:93:12:93:Infinity":19,"b:93:16:93:37:93:37:93:55":2,"s:93:55:93:Infinity":20,"s:94:29:94:Infinity":21,"s:95:25:95:Infinity":22,"s:96:12:118:Infinity":23,"f:99:25:99:31":7,"s:99:31:99:Infinity":24,"b:101:41:101:50:101:50:101:Infinity":3,"b:109:41:109:47:109:47:109:Infinity":4,"b:110:36:110:48:110:48:110:Infinity":5,"b:111:41:111:70:111:70:111:Infinity":6,"b:112:37:112:75:112:75:112:Infinity":7,"b:116:50:116:76:116:76:116:97":8,"f:129:23:129:29":8,"s:129:29:129:Infinity":25,"b:148:35:148:73:148:73:148:85":9,"b:152:13:152:Infinity:153:14:199:Infinity":10,"f:172:42:172:Infinity":9,"s:173:18:197:Infinity":26,"f:176:29:176:35":10,"s:177:22:177:Infinity":27,"s:178:22:178:Infinity":28,"b:186:61:186:89:186:89:186:Infinity":11,"b:187:56:187:68:187:68:187:Infinity":12,"b:196:21:196:49:196:49:196:Infinity":13,"b:204:11:204:Infinity:205:12:287:Infinity":14,"f:207:25:207:31":11,"s:207:31:207:Infinity":29,"b:225:17:225:Infinity:226:18:237:Infinity":15,"b:241:15:241:Infinity:242:16:285:Infinity":16,"f:260:39:260:Infinity":12,"s:261:22:282:Infinity":30,"f:264:33:264:39":13,"s:265:26:265:Infinity":31,"b:266:26:266:Infinity:undefined:undefined:undefined:undefined":17,"s:266:26:266:Infinity":32,"s:266:38:266:Infinity":33,"s:267:26:267:Infinity":34,"b:272:47:272:63:272:63:272:Infinity":18,"b:292:12:310:Infinity:312:12:320:Infinity":19,"f:293:23:293:29":14,"s:293:29:293:Infinity":35,"f:313:23:313:29":15,"s:313:29:313:Infinity":36,"f:325:21:325:27":16,"s:325:27:325:Infinity":37,"b:336:30:336:48:336:48:336:Infinity":20,"b:342:7:342:Infinity:343:8:381:Infinity":21,"f:353:24:353:32":17,"b:354:12:354:Infinity:undefined:undefined:undefined:undefined":22,"s:354:12:354:Infinity":38,"b:354:16:354:37:354:37:354:55":23,"s:354:55:354:Infinity":39,"s:355:29:355:Infinity":40,"s:356:25:356:Infinity":41,"s:357:12:378:Infinity":42,"f:360:25:360:31":18,"s:361:18:361:Infinity":43,"s:362:18:362:Infinity":44,"b:370:41:370:69:370:69:370:Infinity":24,"b:371:36:371:48:371:48:371:Infinity":25,"b:376:50:376:76:376:76:376:97":26},"fnNames":{}}}
,"C:\\Users\\mohan\\.gemini\\antigravity-ide\\scratch\\projectmatch\\src\\components\\ProfileModal.tsx": {"path":"C:\\Users\\mohan\\.gemini\\antigravity-ide\\scratch\\projectmatch\\src\\components\\ProfileModal.tsx","statementMap":{"0":{"start":{"line":11,"column":57},"end":{"line":324,"column":null}},"1":{"start":{"line":12,"column":2},"end":{"line":22,"column":null}},"2":{"start":{"line":13,"column":26},"end":{"line":17,"column":null}},"3":{"start":{"line":14,"column":6},"end":{"line":16,"column":null}},"4":{"start":{"line":15,"column":8},"end":{"line":15,"column":null}},"5":{"start":{"line":18,"column":4},"end":{"line":20,"column":null}},"6":{"start":{"line":19,"column":6},"end":{"line":19,"column":null}},"7":{"start":{"line":21,"column":4},"end":{"line":21,"column":null}},"8":{"start":{"line":21,"column":17},"end":{"line":21,"column":null}},"9":{"start":{"line":24,"column":2},"end":{"line":24,"column":null}},"10":{"start":{"line":24,"column":16},"end":{"line":24,"column":null}},"11":{"start":{"line":26,"column":2},"end":{"line":322,"column":null}},"12":{"start":{"line":40,"column":8},"end":{"line":40,"column":null}},"13":{"start":{"line":40,"column":42},"end":{"line":40,"column":null}},"14":{"start":{"line":112,"column":16},"end":{"line":125,"column":null}},"15":{"start":{"line":172,"column":14},"end":{"line":194,"column":null}},"16":{"start":{"line":231,"column":16},"end":{"line":243,"column":null}},"17":{"start":{"line":312,"column":14},"end":{"line":312,"column":null}},"18":{"start":{"line":313,"column":14},"end":{"line":313,"column":null}}},"fnMap":{"0":{"name":"(anonymous_0)","decl":{"start":{"line":11,"column":57},"end":{"line":11,"column":58}},"loc":{"start":{"line":11,"column":93},"end":{"line":324,"column":null}},"line":11},"1":{"name":"(anonymous_1)","decl":{"start":{"line":12,"column":12},"end":{"line":12,"column":18}},"loc":{"start":{"line":12,"column":18},"end":{"line":22,"column":5}},"line":12},"2":{"name":"(anonymous_2)","decl":{"start":{"line":13,"column":26},"end":{"line":13,"column":27}},"loc":{"start":{"line":13,"column":48},"end":{"line":17,"column":null}},"line":13},"3":{"name":"(anonymous_3)","decl":{"start":{"line":21,"column":11},"end":{"line":21,"column":17}},"loc":{"start":{"line":21,"column":17},"end":{"line":21,"column":null}},"line":21},"4":{"name":"(anonymous_4)","decl":{"start":{"line":39,"column":15},"end":{"line":39,"column":16}},"loc":{"start":{"line":39,"column":22},"end":{"line":41,"column":null}},"line":39},"5":{"name":"(anonymous_5)","decl":{"start":{"line":111,"column":43},"end":{"line":111,"column":null}},"loc":{"start":{"line":112,"column":16},"end":{"line":125,"column":null}},"line":112},"6":{"name":"(anonymous_6)","decl":{"start":{"line":171,"column":32},"end":{"line":171,"column":null}},"loc":{"start":{"line":172,"column":14},"end":{"line":194,"column":null}},"line":172},"7":{"name":"(anonymous_7)","decl":{"start":{"line":230,"column":42},"end":{"line":230,"column":null}},"loc":{"start":{"line":231,"column":16},"end":{"line":243,"column":null}},"line":231},"8":{"name":"(anonymous_8)","decl":{"start":{"line":311,"column":21},"end":{"line":311,"column":27}},"loc":{"start":{"line":311,"column":27},"end":{"line":314,"column":null}},"line":311}},"branchMap":{"0":{"loc":{"start":{"line":14,"column":6},"end":{"line":16,"column":null}},"type":"if","locations":[{"start":{"line":14,"column":6},"end":{"line":16,"column":null}},{"start":{},"end":{}}],"line":14},"1":{"loc":{"start":{"line":18,"column":4},"end":{"line":20,"column":null}},"type":"if","locations":[{"start":{"line":18,"column":4},"end":{"line":20,"column":null}},{"start":{},"end":{}}],"line":18},"2":{"loc":{"start":{"line":24,"column":2},"end":{"line":24,"column":null}},"type":"if","locations":[{"start":{"line":24,"column":2},"end":{"line":24,"column":null}},{"start":{},"end":{}}],"line":24},"3":{"loc":{"start":{"line":40,"column":8},"end":{"line":40,"column":null}},"type":"if","locations":[{"start":{"line":40,"column":8},"end":{"line":40,"column":null}},{"start":{},"end":{}}],"line":40},"4":{"loc":{"start":{"line":148,"column":13},"end":{"line":148,"column":null}},"type":"binary-expr","locations":[{"start":{"line":148,"column":13},"end":{"line":148,"column":28}},{"start":{"line":148,"column":28},"end":{"line":148,"column":null}}],"line":148},"5":{"loc":{"start":{"line":153,"column":9},"end":{"line":162,"column":null}},"type":"binary-expr","locations":[{"start":{"line":153,"column":9},"end":{"line":153,"column":null}},{"start":{"line":154,"column":10},"end":{"line":162,"column":null}}],"line":153},"6":{"loc":{"start":{"line":189,"column":17},"end":{"line":192,"column":null}},"type":"binary-expr","locations":[{"start":{"line":189,"column":17},"end":{"line":189,"column":null}},{"start":{"line":190,"column":18},"end":{"line":192,"column":null}}],"line":189},"7":{"loc":{"start":{"line":223,"column":9},"end":{"line":246,"column":null}},"type":"binary-expr","locations":[{"start":{"line":223,"column":9},"end":{"line":223,"column":35}},{"start":{"line":223,"column":35},"end":{"line":223,"column":null}},{"start":{"line":224,"column":10},"end":{"line":246,"column":null}}],"line":223},"8":{"loc":{"start":{"line":251,"column":11},"end":{"line":267,"column":null}},"type":"binary-expr","locations":[{"start":{"line":251,"column":11},"end":{"line":251,"column":null}},{"start":{"line":252,"column":12},"end":{"line":267,"column":null}}],"line":251},"9":{"loc":{"start":{"line":269,"column":11},"end":{"line":284,"column":null}},"type":"binary-expr","locations":[{"start":{"line":269,"column":11},"end":{"line":269,"column":null}},{"start":{"line":270,"column":12},"end":{"line":284,"column":null}}],"line":269},"10":{"loc":{"start":{"line":286,"column":11},"end":{"line":301,"column":null}},"type":"binary-expr","locations":[{"start":{"line":286,"column":11},"end":{"line":286,"column":null}},{"start":{"line":287,"column":12},"end":{"line":301,"column":null}}],"line":286}},"s":{"0":0,"1":0,"2":0,"3":0,"4":0,"5":0,"6":0,"7":0,"8":0,"9":0,"10":0,"11":0,"12":0,"13":0,"14":0,"15":0,"16":0,"17":0,"18":0},"f":{"0":0,"1":0,"2":0,"3":0,"4":0,"5":0,"6":0,"7":0,"8":0},"b":{"0":[0,0],"1":[0,0],"2":[0,0],"3":[0,0],"4":[0,0],"5":[0,0],"6":[0,0],"7":[0,0,0],"8":[0,0],"9":[0,0],"10":[0,0]},"meta":{"lastBranch":11,"lastFunction":9,"lastStatement":19,"seen":{"s:11:57:324:Infinity":0,"f:11:57:11:58":0,"s:12:2:22:Infinity":1,"f:12:12:12:18":1,"s:13:26:17:Infinity":2,"f:13:26:13:27":2,"b:14:6:16:Infinity:undefined:undefined:undefined:undefined":0,"s:14:6:16:Infinity":3,"s:15:8:15:Infinity":4,"b:18:4:20:Infinity:undefined:undefined:undefined:undefined":1,"s:18:4:20:Infinity":5,"s:19:6:19:Infinity":6,"s:21:4:21:Infinity":7,"f:21:11:21:17":3,"s:21:17:21:Infinity":8,"b:24:2:24:Infinity:undefined:undefined:undefined:undefined":2,"s:24:2:24:Infinity":9,"s:24:16:24:Infinity":10,"s:26:2:322:Infinity":11,"f:39:15:39:16":4,"b:40:8:40:Infinity:undefined:undefined:undefined:undefined":3,"s:40:8:40:Infinity":12,"s:40:42:40:Infinity":13,"f:111:43:111:Infinity":5,"s:112:16:125:Infinity":14,"b:148:13:148:28:148:28:148:Infinity":4,"b:153:9:153:Infinity:154:10:162:Infinity":5,"f:171:32:171:Infinity":6,"s:172:14:194:Infinity":15,"b:189:17:189:Infinity:190:18:192:Infinity":6,"b:223:9:223:35:223:35:223:Infinity:224:10:246:Infinity":7,"f:230:42:230:Infinity":7,"s:231:16:243:Infinity":16,"b:251:11:251:Infinity:252:12:267:Infinity":8,"b:269:11:269:Infinity:270:12:284:Infinity":9,"b:286:11:286:Infinity:287:12:301:Infinity":10,"f:311:21:311:27":8,"s:312:14:312:Infinity":17,"s:313:14:313:Infinity":18},"fnNames":{}}}
,"C:\\Users\\mohan\\.gemini\\antigravity-ide\\scratch\\projectmatch\\src\\components\\SkillGapBadge.tsx": {"path":"C:\\Users\\mohan\\.gemini\\antigravity-ide\\scratch\\projectmatch\\src\\components\\SkillGapBadge.tsx","statementMap":{"0":{"start":{"line":10,"column":59},"end":{"line":61,"column":null}},"1":{"start":{"line":11,"column":11},"end":{"line":11,"column":null}},"2":{"start":{"line":12,"column":15},"end":{"line":12,"column":null}},"3":{"start":{"line":13,"column":14},"end":{"line":13,"column":null}},"4":{"start":{"line":14,"column":13},"end":{"line":14,"column":null}},"5":{"start":{"line":16,"column":2},"end":{"line":26,"column":null}},"6":{"start":{"line":17,"column":4},"end":{"line":17,"column":null}},"7":{"start":{"line":18,"column":4},"end":{"line":18,"column":null}},"8":{"start":{"line":19,"column":4},"end":{"line":19,"column":null}},"9":{"start":{"line":20,"column":4},"end":{"line":20,"column":null}},"10":{"start":{"line":21,"column":2},"end":{"line":26,"column":null}},"11":{"start":{"line":22,"column":4},"end":{"line":22,"column":null}},"12":{"start":{"line":23,"column":4},"end":{"line":23,"column":null}},"13":{"start":{"line":24,"column":4},"end":{"line":24,"column":null}},"14":{"start":{"line":25,"column":4},"end":{"line":25,"column":null}},"15":{"start":{"line":28,"column":2},"end":{"line":59,"column":null}}},"fnMap":{"0":{"name":"(anonymous_0)","decl":{"start":{"line":10,"column":59},"end":{"line":10,"column":60}},"loc":{"start":{"line":10,"column":93},"end":{"line":61,"column":null}},"line":10}},"branchMap":{"0":{"loc":{"start":{"line":16,"column":2},"end":{"line":26,"column":null}},"type":"if","locations":[{"start":{"line":16,"column":2},"end":{"line":26,"column":null}},{"start":{"line":21,"column":2},"end":{"line":26,"column":null}}],"line":16},"1":{"loc":{"start":{"line":21,"column":2},"end":{"line":26,"column":null}},"type":"if","locations":[{"start":{"line":21,"column":2},"end":{"line":26,"column":null}},{"start":{},"end":{}}],"line":21},"2":{"loc":{"start":{"line":54,"column":7},"end":{"line":57,"column":null}},"type":"binary-expr","locations":[{"start":{"line":54,"column":7},"end":{"line":54,"column":20}},{"start":{"line":54,"column":20},"end":{"line":54,"column":44}},{"start":{"line":54,"column":44},"end":{"line":54,"column":null}},{"start":{"line":55,"column":8},"end":{"line":57,"column":null}}],"line":54}},"s":{"0":0,"1":0,"2":0,"3":0,"4":0,"5":0,"6":0,"7":0,"8":0,"9":0,"10":0,"11":0,"12":0,"13":0,"14":0,"15":0},"f":{"0":0},"b":{"0":[0,0],"1":[0,0],"2":[0,0,0,0]},"meta":{"lastBranch":3,"lastFunction":1,"lastStatement":16,"seen":{"s:10:59:61:Infinity":0,"f:10:59:10:60":0,"s:11:11:11:Infinity":1,"s:12:15:12:Infinity":2,"s:13:14:13:Infinity":3,"s:14:13:14:Infinity":4,"b:16:2:26:Infinity:21:2:26:Infinity":0,"s:16:2:26:Infinity":5,"s:17:4:17:Infinity":6,"s:18:4:18:Infinity":7,"s:19:4:19:Infinity":8,"s:20:4:20:Infinity":9,"b:21:2:26:Infinity:undefined:undefined:undefined:undefined":1,"s:21:2:26:Infinity":10,"s:22:4:22:Infinity":11,"s:23:4:23:Infinity":12,"s:24:4:24:Infinity":13,"s:25:4:25:Infinity":14,"s:28:2:59:Infinity":15,"b:54:7:54:20:54:20:54:44:54:44:54:Infinity:55:8:57:Infinity":2},"fnNames":{}}}
,"C:\\Users\\mohan\\.gemini\\antigravity-ide\\scratch\\projectmatch\\src\\components\\TeamDNAChart.tsx": {"path":"C:\\Users\\mohan\\.gemini\\antigravity-ide\\scratch\\projectmatch\\src\\components\\TeamDNAChart.tsx","statementMap":{"0":{"start":{"line":9,"column":57},"end":{"line":53,"column":null}},"1":{"start":{"line":10,"column":15},"end":{"line":16,"column":null}},"2":{"start":{"line":18,"column":2},"end":{"line":51,"column":null}},"3":{"start":{"line":30,"column":23},"end":{"line":30,"column":null}},"4":{"start":{"line":31,"column":10},"end":{"line":43,"column":null}}},"fnMap":{"0":{"name":"(anonymous_0)","decl":{"start":{"line":9,"column":57},"end":{"line":9,"column":58}},"loc":{"start":{"line":9,"column":70},"end":{"line":53,"column":null}},"line":9},"1":{"name":"(anonymous_1)","decl":{"start":{"line":29,"column":18},"end":{"line":29,"column":26}},"loc":{"start":{"line":29,"column":26},"end":{"line":45,"column":9}},"line":29}},"branchMap":{},"s":{"0":0,"1":0,"2":0,"3":0,"4":0},"f":{"0":0,"1":0},"b":{},"meta":{"lastBranch":0,"lastFunction":2,"lastStatement":5,"seen":{"s:9:57:53:Infinity":0,"f:9:57:9:58":0,"s:10:15:16:Infinity":1,"s:18:2:51:Infinity":2,"f:29:18:29:26":1,"s:30:23:30:Infinity":3,"s:31:10:43:Infinity":4},"fnNames":{}}}
,"C:\\Users\\mohan\\.gemini\\antigravity-ide\\scratch\\projectmatch\\src\\components\\Toast.tsx": {"path":"C:\\Users\\mohan\\.gemini\\antigravity-ide\\scratch\\projectmatch\\src\\components\\Toast.tsx","statementMap":{"0":{"start":{"line":5,"column":40},"end":{"line":76,"column":null}},"1":{"start":{"line":6,"column":30},"end":{"line":6,"column":null}},"2":{"start":{"line":8,"column":2},"end":{"line":8,"column":null}},"3":{"start":{"line":8,"column":27},"end":{"line":8,"column":null}},"4":{"start":{"line":10,"column":2},"end":{"line":74,"column":null}},"5":{"start":{"line":23,"column":19},"end":{"line":23,"column":null}},"6":{"start":{"line":24,"column":21},"end":{"line":24,"column":null}},"7":{"start":{"line":25,"column":24},"end":{"line":25,"column":null}},"8":{"start":{"line":27,"column":8},"end":{"line":35,"column":null}},"9":{"start":{"line":28,"column":10},"end":{"line":28,"column":null}},"10":{"start":{"line":29,"column":10},"end":{"line":29,"column":null}},"11":{"start":{"line":30,"column":10},"end":{"line":30,"column":null}},"12":{"start":{"line":31,"column":8},"end":{"line":35,"column":null}},"13":{"start":{"line":32,"column":10},"end":{"line":32,"column":null}},"14":{"start":{"line":33,"column":10},"end":{"line":33,"column":null}},"15":{"start":{"line":34,"column":10},"end":{"line":34,"column":null}},"16":{"start":{"line":37,"column":8},"end":{"line":71,"column":null}},"17":{"start":{"line":60,"column":29},"end":{"line":60,"column":null}}},"fnMap":{"0":{"name":"(anonymous_0)","decl":{"start":{"line":5,"column":40},"end":{"line":5,"column":46}},"loc":{"start":{"line":5,"column":46},"end":{"line":76,"column":null}},"line":5},"1":{"name":"(anonymous_1)","decl":{"start":{"line":22,"column":18},"end":{"line":22,"column":27}},"loc":{"start":{"line":22,"column":27},"end":{"line":73,"column":7}},"line":22},"2":{"name":"(anonymous_2)","decl":{"start":{"line":60,"column":23},"end":{"line":60,"column":29}},"loc":{"start":{"line":60,"column":29},"end":{"line":60,"column":null}},"line":60}},"branchMap":{"0":{"loc":{"start":{"line":8,"column":2},"end":{"line":8,"column":null}},"type":"if","locations":[{"start":{"line":8,"column":2},"end":{"line":8,"column":null}},{"start":{},"end":{}}],"line":8},"1":{"loc":{"start":{"line":27,"column":8},"end":{"line":35,"column":null}},"type":"if","locations":[{"start":{"line":27,"column":8},"end":{"line":35,"column":null}},{"start":{"line":31,"column":8},"end":{"line":35,"column":null}}],"line":27},"2":{"loc":{"start":{"line":31,"column":8},"end":{"line":35,"column":null}},"type":"if","locations":[{"start":{"line":31,"column":8},"end":{"line":35,"column":null}},{"start":{},"end":{}}],"line":31}},"s":{"0":0,"1":0,"2":0,"3":0,"4":0,"5":0,"6":0,"7":0,"8":0,"9":0,"10":0,"11":0,"12":0,"13":0,"14":0,"15":0,"16":0,"17":0},"f":{"0":0,"1":0,"2":0},"b":{"0":[0,0],"1":[0,0],"2":[0,0]},"meta":{"lastBranch":3,"lastFunction":3,"lastStatement":18,"seen":{"s:5:40:76:Infinity":0,"f:5:40:5:46":0,"s:6:30:6:Infinity":1,"b:8:2:8:Infinity:undefined:undefined:undefined:undefined":0,"s:8:2:8:Infinity":2,"s:8:27:8:Infinity":3,"s:10:2:74:Infinity":4,"f:22:18:22:27":1,"s:23:19:23:Infinity":5,"s:24:21:24:Infinity":6,"s:25:24:25:Infinity":7,"b:27:8:35:Infinity:31:8:35:Infinity":1,"s:27:8:35:Infinity":8,"s:28:10:28:Infinity":9,"s:29:10:29:Infinity":10,"s:30:10:30:Infinity":11,"b:31:8:35:Infinity:undefined:undefined:undefined:undefined":2,"s:31:8:35:Infinity":12,"s:32:10:32:Infinity":13,"s:33:10:33:Infinity":14,"s:34:10:34:Infinity":15,"s:37:8:71:Infinity":16,"f:60:23:60:29":2,"s:60:29:60:Infinity":17},"fnNames":{}}}
,"C:\\Users\\mohan\\.gemini\\antigravity-ide\\scratch\\projectmatch\\src\\lib\\gemini.ts": {"path":"C:\\Users\\mohan\\.gemini\\antigravity-ide\\scratch\\projectmatch\\src\\lib\\gemini.ts","statementMap":{"0":{"start":{"line":14,"column":35},"end":{"line":14,"column":null}},"1":{"start":{"line":15,"column":31},"end":{"line":15,"column":null}},"2":{"start":{"line":16,"column":32},"end":{"line":16,"column":null}},"3":{"start":{"line":17,"column":35},"end":{"line":17,"column":null}},"4":{"start":{"line":18,"column":40},"end":{"line":18,"column":null}},"5":{"start":{"line":24,"column":2},"end":{"line":24,"column":null}}},"fnMap":{"0":{"name":"evaluateCandidateMatch","decl":{"start":{"line":23,"column":22},"end":{"line":23,"column":45}},"loc":{"start":{"line":23,"column":111},"end":{"line":25,"column":null}},"line":23}},"branchMap":{},"s":{"0":1,"1":1,"2":1,"3":1,"4":1,"5":1},"f":{"0":1},"b":{},"meta":{"lastBranch":0,"lastFunction":1,"lastStatement":6,"seen":{"s:14:35:14:Infinity":0,"s:15:31:15:Infinity":1,"s:16:32:16:Infinity":2,"s:17:35:17:Infinity":3,"s:18:40:18:Infinity":4,"f:23:22:23:45":0,"s:24:2:24:Infinity":5},"fnNames":{}}}
[...]
,"C:\\Users\\mohan\\.gemini\\antigravity-ide\\scratch\\projectmatch\\src\\lib\\validation.ts": {"path":"C:\\Users\\mohan\\.gemini\\antigravity-ide\\scratch\\projectmatch\\src\\lib\\validation.ts","statementMap":{"0":{"start":{"line":17,"column":2},"end":{"line":17,"column":null}},"1":{"start":{"line":17,"column":43},"end":{"line":17,"column":null}},"2":{"start":{"line":18,"column":21},"end":{"line":18,"column":null}},"3":{"start":{"line":19,"column":2},"end":{"line":19,"column":null}},"4":{"start":{"line":24,"column":2},"end":{"line":24,"column":null}},"5":{"start":{"line":24,"column":31},"end":{"line":24,"column":null}},"6":{"start":{"line":25,"column":18},"end":{"line":25,"column":null}},"7":{"start":{"line":26,"column":2},"end":{"line":26,"column":null}},"8":{"start":{"line":26,"column":22},"end":{"line":26,"column":null}},"9":{"start":{"line":27,"column":2},"end":{"line":32,"column":null}},"10":{"start":{"line":28,"column":19},"end":{"line":28,"column":null}},"11":{"start":{"line":29,"column":4},"end":{"line":29,"column":null}},"12":{"start":{"line":31,"column":4},"end":{"line":31,"column":null}},"13":{"start":{"line":37,"column":2},"end":{"line":39,"column":null}},"14":{"start":{"line":38,"column":4},"end":{"line":38,"column":null}},"15":{"start":{"line":40,"column":2},"end":{"line":42,"column":null}},"16":{"start":{"line":41,"column":4},"end":{"line":41,"column":null}},"17":{"start":{"line":43,"column":2},"end":{"line":45,"column":null}},"18":{"start":{"line":44,"column":4},"end":{"line":44,"column":null}},"19":{"start":{"line":46,"column":2},"end":{"line":46,"column":null}},"20":{"start":{"line":61,"column":41},"end":{"line":61,"column":null}},"21":{"start":{"line":63,"column":2},"end":{"line":65,"column":null}},"22":{"start":{"line":64,"column":4},"end":{"line":64,"column":null}},"23":{"start":{"line":67,"column":2},"end":{"line":69,"column":null}},"24":{"start":{"line":68,"column":4},"end":{"line":68,"column":null}},"25":{"start":{"line":71,"column":2},"end":{"line":73,"column":null}},"26":{"start":{"line":72,"column":4},"end":{"line":72,"column":null}},"27":{"start":{"line":75,"column":2},"end":{"line":77,"column":null}},"28":{"start":{"line":76,"column":4},"end":{"line":76,"column":null}},"29":{"start":{"line":79,"column":2},"end":{"line":84,"column":null}},"30":{"start":{"line":80,"column":23},"end":{"line":80,"column":null}},"31":{"start":{"line":81,"column":4},"end":{"line":83,"column":null}},"32":{"start":{"line":82,"column":6},"end":{"line":82,"column":null}},"33":{"start":{"line":86,"column":2},"end":{"line":88,"column":null}},"34":{"start":{"line":87,"column":4},"end":{"line":87,"column":null}},"35":{"start":{"line":90,"column":2},"end":{"line":92,"column":null}},"36":{"start":{"line":91,"column":4},"end":{"line":91,"column":null}},"37":{"start":{"line":94,"column":2},"end":{"line":96,"column":null}},"38":{"start":{"line":95,"column":4},"end":{"line":95,"column":null}},"39":{"start":{"line":98,"column":2},"end":{"line":100,"column":null}},"40":{"start":{"line":99,"column":4},"end":{"line":99,"column":null}},"41":{"start":{"line":102,"column":2},"end":{"line":105,"column":null}},"42":{"start":{"line":118,"column":41},"end":{"line":118,"column":null}},"43":{"start":{"line":120,"column":2},"end":{"line":122,"column":null}},"44":{"start":{"line":121,"column":4},"end":{"line":121,"column":null}},"45":{"start":{"line":124,"column":2},"end":{"line":126,"column":null}},"46":{"start":{"line":125,"column":4},"end":{"line":125,"column":null}},"47":{"start":{"line":128,"column":2},"end":{"line":130,"column":null}},"48":{"start":{"line":129,"column":4},"end":{"line":129,"column":null}},"49":{"start":{"line":132,"column":2},"end":{"line":134,"column":null}},"50":{"start":{"line":133,"column":4},"end":{"line":133,"column":null}},"51":{"start":{"line":136,"column":2},"end":{"line":141,"column":null}},"52":{"start":{"line":137,"column":23},"end":{"line":137,"column":null}},"53":{"start":{"line":138,"column":4},"end":{"line":140,"column":null}},"54":{"start":{"line":139,"column":6},"end":{"line":139,"column":null}},"55":{"start":{"line":143,"column":2},"end":{"line":145,"column":null}},"56":{"start":{"line":144,"column":4},"end":{"line":144,"column":null}},"57":{"start":{"line":147,"column":2},"end":{"line":149,"column":null}},"58":{"start":{"line":148,"column":4},"end":{"line":148,"column":null}},"59":{"start":{"line":151,"column":2},"end":{"line":154,"column":null}}},"fnMap":{"0":{"name":"isValidEmail","decl":{"start":{"line":16,"column":16},"end":{"line":16,"column":29}},"loc":{"start":{"line":16,"column":53},"end":{"line":20,"column":null}},"line":16},"1":{"name":"isValidUrl","decl":{"start":{"line":23,"column":16},"end":{"line":23,"column":27}},"loc":{"start":{"line":23,"column":49},"end":{"line":33,"column":null}},"line":23},"2":{"name":"validateHours","decl":{"start":{"line":36,"column":16},"end":{"line":36,"column":30}},"loc":{"start":{"line":36,"column":83},"end":{"line":47,"column":null}},"line":36},"3":{"name":"validateProfile","decl":{"start":{"line":50,"column":16},"end":{"line":50,"column":32}},"loc":{"start":{"line":60,"column":28},"end":{"line":106,"column":null}},"line":60},"4":{"name":"validateProject","decl":{"start":{"line":109,"column":16},"end":{"line":109,"column":32}},"loc":{"start":{"line":117,"column":28},"end":{"line":155,"column":null}},"line":117}},"branchMap":{"0":{"loc":{"start":{"line":17,"column":2},"end":{"line":17,"column":null}},"type":"if","locations":[{"start":{"line":17,"column":2},"end":{"line":17,"column":null}},{"start":{},"end":{}}],"line":17},"1":{"loc":{"start":{"line":17,"column":6},"end":{"line":17,"column":43}},"type":"binary-expr","locations":[{"start":{"line":17,"column":6},"end":{"line":17,"column":16}},{"start":{"line":17,"column":16},"end":{"line":17,"column":43}}],"line":17},"2":{"loc":{"start":{"line":24,"column":2},"end":{"line":24,"column":null}},"type":"if","locations":[{"start":{"line":24,"column":2},"end":{"line":24,"column":null}},{"start":{},"end":{}}],"line":24},"3":{"loc":{"start":{"line":26,"column":2},"end":{"line":26,"column":null}},"type":"if","locations":[{"start":{"line":26,"column":2},"end":{"line":26,"column":null}},{"start":{},"end":{}}],"line":26},"4":{"loc":{"start":{"line":29,"column":11},"end":{"line":29,"column":null}},"type":"binary-expr","locations":[{"start":{"line":29,"column":11},"end":{"line":29,"column":42}},{"start":{"line":29,"column":42},"end":{"line":29,"column":null}}],"line":29},"5":{"loc":{"start":{"line":37,"column":2},"end":{"line":39,"column":null}},"type":"if","locations":[{"start":{"line":37,"column":2},"end":{"line":39,"column":null}},{"start":{},"end":{}}],"line":37},"6":{"loc":{"start":{"line":37,"column":6},"end":{"line":37,"column":49}},"type":"binary-expr","locations":[{"start":{"line":37,"column":6},"end":{"line":37,"column":35}},{"start":{"line":37,"column":35},"end":{"line":37,"column":49}}],"line":37},"7":{"loc":{"start":{"line":40,"column":2},"end":{"line":42,"column":null}},"type":"if","locations":[{"start":{"line":40,"column":2},"end":{"line":42,"column":null}},{"start":{},"end":{}}],"line":40},"8":{"loc":{"start":{"line":43,"column":2},"end":{"line":45,"column":null}},"type":"if","locations":[{"start":{"line":43,"column":2},"end":{"line":45,"column":null}},{"start":{},"end":{}}],"line":43},"9":{"loc":{"start":{"line":63,"column":2},"end":{"line":65,"column":null}},"type":"if","locations":[{"start":{"line":63,"column":2},"end":{"line":65,"column":null}},{"start":{},"end":{}}],"line":63},"10":{"loc":{"start":{"line":63,"column":6},"end":{"line":63,"column":59}},"type":"binary-expr","locations":[{"start":{"line":63,"column":6},"end":{"line":63,"column":25}},{"start":{"line":63,"column":25},"end":{"line":63,"column":59}}],"line":63},"11":{"loc":{"start":{"line":67,"column":2},"end":{"line":69,"column":null}},"type":"if","locations":[{"start":{"line":67,"column":2},"end":{"line":69,"column":null}},{"start":{},"end":{}}],"line":67},"12":{"loc":{"start":{"line":67,"column":6},"end":{"line":67,"column":61}},"type":"binary-expr","locations":[{"start":{"line":67,"column":6},"end":{"line":67,"column":34}},{"start":{"line":67,"column":34},"end":{"line":67,"column":61}}],"line":67},"13":{"loc":{"start":{"line":71,"column":2},"end":{"line":73,"column":null}},"type":"if","locations":[{"start":{"line":71,"column":2},"end":{"line":73,"column":null}},{"start":{},"end":{}}],"line":71},"14":{"loc":{"start":{"line":71,"column":6},"end":{"line":71,"column":57}},"type":"binary-expr","locations":[{"start":{"line":71,"column":6},"end":{"line":71,"column":23}},{"start":{"line":71,"column":23},"end":{"line":71,"column":57}}],"line":71},"15":{"loc":{"start":{"line":75,"column":2},"end":{"line":77,"column":null}},"type":"if","locations":[{"start":{"line":75,"column":2},"end":{"line":77,"column":null}},{"start":{},"end":{}}],"line":75},"16":{"loc":{"start":{"line":75,"column":6},"end":{"line":75,"column":55}},"type":"binary-expr","locations":[{"start":{"line":75,"column":6},"end":{"line":75,"column":22}},{"start":{"line":75,"column":22},"end":{"line":75,"column":55}}],"line":75},"17":{"loc":{"start":{"line":79,"column":2},"end":{"line":84,"column":null}},"type":"if","locations":[{"start":{"line":79,"column":2},"end":{"line":84,"column":null}},{"start":{},"end":{}}],"line":79},"18":{"loc":{"start":{"line":81,"column":4},"end":{"line":83,"column":null}},"type":"if","locations":[{"start":{"line":81,"column":4},"end":{"line":83,"column":null}},{"start":{},"end":{}}],"line":81},"19":{"loc":{"start":{"line":86,"column":2},"end":{"line":88,"column":null}},"type":"if","locations":[{"start":{"line":86,"column":2},"end":{"line":88,"column":null}},{"start":{},"end":{}}],"line":86},"20":{"loc":{"start":{"line":86,"column":6},"end":{"line":86,"column":55}},"type":"binary-expr","locations":[{"start":{"line":86,"column":6},"end":{"line":86,"column":25}},{"start":{"line":86,"column":25},"end":{"line":86,"column":55}}],"line":86},"21":{"loc":{"start":{"line":90,"column":2},"end":{"line":92,"column":null}},"type":"if","locations":[{"start":{"line":90,"column":2},"end":{"line":92,"column":null}},{"start":{},"end":{}}],"line":90},"22":{"loc":{"start":{"line":90,"column":6},"end":{"line":90,"column":59}},"type":"binary-expr","locations":[{"start":{"line":90,"column":6},"end":{"line":90,"column":27}},{"start":{"line":90,"column":27},"end":{"line":90,"column":59}}],"line":90},"23":{"loc":{"start":{"line":94,"column":2},"end":{"line":96,"column":null}},"type":"if","locations":[{"start":{"line":94,"column":2},"end":{"line":96,"column":null}},{"start":{},"end":{}}],"line":94},"24":{"loc":{"start":{"line":94,"column":6},"end":{"line":94,"column":61}},"type":"binary-expr","locations":[{"start":{"line":94,"column":6},"end":{"line":94,"column":28}},{"start":{"line":94,"column":28},"end":{"line":94,"column":61}}],"line":94},"25":{"loc":{"start":{"line":98,"column":2},"end":{"line":100,"column":null}},"type":"if","locations":[{"start":{"line":98,"column":2},"end":{"line":100,"column":null}},{"start":{},"end":{}}],"line":98},"26":{"loc":{"start":{"line":98,"column":6},"end":{"line":98,"column":47}},"type":"binary-expr","locations":[{"start":{"line":98,"column":6},"end":{"line":98,"column":21}},{"start":{"line":98,"column":21},"end":{"line":98,"column":47}}],"line":98},"27":{"loc":{"start":{"line":120,"column":2},"end":{"line":122,"column":null}},"type":"if","locations":[{"start":{"line":120,"column":2},"end":{"line":122,"column":null}},{"start":{},"end":{}}],"line":120},"28":{"loc":{"start":{"line":120,"column":6},"end":{"line":120,"column":51}},"type":"binary-expr","locations":[{"start":{"line":120,"column":6},"end":{"line":120,"column":21}},{"start":{"line":120,"column":21},"end":{"line":120,"column":51}}],"line":120},"29":{"loc":{"start":{"line":124,"column":2},"end":{"line":126,"column":null}},"type":"if","locations":[{"start":{"line":124,"column":2},"end":{"line":126,"column":null}},{"start":{},"end":{}}],"line":124},"30":{"loc":{"start":{"line":124,"column":6},"end":{"line":124,"column":64}},"type":"binary-expr","locations":[{"start":{"line":124,"column":6},"end":{"line":124,"column":27}},{"start":{"line":124,"column":27},"end":{"line":124,"column":64}}],"line":124},"31":{"loc":{"start":{"line":128,"column":2},"end":{"line":130,"column":null}},"type":"if","locations":[{"start":{"line":128,"column":2},"end":{"line":130,"column":null}},{"start":{},"end":{}}],"line":128},"32":{"loc":{"start":{"line":128,"column":6},"end":{"line":128,"column":59}},"type":"binary-expr","locations":[{"start":{"line":128,"column":6},"end":{"line":128,"column":24}},{"start":{"line":128,"column":24},"end":{"line":128,"column":59}}],"line":128},"33":{"loc":{"start":{"line":132,"column":2},"end":{"line":134,"column":null}},"type":"if","locations":[{"start":{"line":132,"column":2},"end":{"line":134,"column":null}},{"start":{},"end":{}}],"line":132},"34":{"loc":{"start":{"line":132,"column":6},"end":{"line":132,"column":74}},"type":"binary-expr","locations":[{"start":{"line":132,"column":6},"end":{"line":132,"column":49}},{"start":{"line":132,"column":49},"end":{"line":132,"column":74}}],"line":132},"35":{"loc":{"start":{"line":136,"column":2},"end":{"line":141,"column":null}},"type":"if","locations":[{"start":{"line":136,"column":2},"end":{"line":141,"column":null}},{"start":{},"end":{}}],"line":136},"36":{"loc":{"start":{"line":138,"column":4},"end":{"line":140,"column":null}},"type":"if","locations":[{"start":{"line":138,"column":4},"end":{"line":140,"column":null}},{"start":{},"end":{}}],"line":138},"37":{"loc":{"start":{"line":143,"column":2},"end":{"line":145,"column":null}},"type":"if","locations":[{"start":{"line":143,"column":2},"end":{"line":145,"column":null}},{"start":{},"end":{}}],"line":143},"38":{"loc":{"start":{"line":143,"column":6},"end":{"line":143,"column":66}},"type":"binary-expr","locations":[{"start":{"line":143,"column":6},"end":{"line":143,"column":31}},{"start":{"line":143,"column":31},"end":{"line":143,"column":66}}],"line":143},"39":{"loc":{"start":{"line":147,"column":2},"end":{"line":149,"column":null}},"type":"if","locations":[{"start":{"line":147,"column":2},"end":{"line":149,"column":null}},{"start":{},"end":{}}],"line":147},"40":{"loc":{"start":{"line":147,"column":6},"end":{"line":147,"column":64}},"type":"binary-expr","locations":[{"start":{"line":147,"column":6},"end":{"line":147,"column":30}},{"start":{"line":147,"column":30},"end":{"line":147,"column":64}}],"line":147}},"s":{"0":23,"1":3,"2":20,"3":20,"4":22,"5":0,"6":22,"7":22,"8":2,"9":20,"10":20,"11":20,"12":4,"13":32,"14":1,"15":31,"16":3,"17":28,"18":3,"19":25,"20":15,"21":15,"22":3,"23":15,"24":2,"25":15,"26":2,"27":15,"28":2,"29":15,"30":13,"31":13,"32":0,"33":15,"34":1,"35":15,"36":1,"37":15,"38":1,"39":15,"40":1,"41":15,"42":9,"43":9,"44":1,"45":9,"46":1,"47":9,"48":1,"49":9,"50":1,"51":9,"52":8,"53":8,"54":1,"55":9,"56":1,"57":9,"58":1,"59":9},"f":{"0":23,"1":22,"2":32,"3":15,"4":9},"b":{"0":[3,20],"1":[23,20],"2":[0,22],"3":[2,20],"4":[20,15],"5":[1,31],"6":[32,32],"7":[3,28],"8":[3,25],"9":[3,12],"10":[15,14],"11":[2,13],"12":[15,14],"13":[2,13],"14":[15,13],"15":[2,13],"16":[15,13],"17":[13,2],"18":[0,13],"19":[1,14],"20":[15,8],"21":[1,14],"22":[15,2],"23":[1,14],"24":[15,2],"25":[1,14],"26":[15,14],"27":[1,8],"28":[9,9],"29":[1,8],"30":[9,9],"31":[1,8],"32":[9,8],"33":[1,8],"34":[9,9],"35":[8,1],"36":[1,7],"37":[1,8],"38":[9,9],"39":[1,8],"40":[9,9]},"meta":{"lastBranch":41,"lastFunction":5,"lastStatement":60,"seen":{"f:16:16:16:29":0,"b:17:2:17:Infinity:undefined:undefined:undefined:undefined":0,"s:17:2:17:Infinity":0,"b:17:6:17:16:17:16:17:43":1,"s:17:43:17:Infinity":1,"s:18:21:18:Infinity":2,"s:19:2:19:Infinity":3,"f:23:16:23:27":1,"b:24:2:24:Infinity:undefined:undefined:undefined:undefined":2,"s:24:2:24:Infinity":4,"s:24:31:24:Infinity":5,"s:25:18:25:Infinity":6,"b:26:2:26:Infinity:undefined:undefined:undefined:undefined":3,"s:26:2:26:Infinity":7,"s:26:22:26:Infinity":8,"s:27:2:32:Infinity":9,"s:28:19:28:Infinity":10,"s:29:4:29:Infinity":11,"b:29:11:29:42:29:42:29:Infinity":4,"s:31:4:31:Infinity":12,"f:36:16:36:30":2,"b:37:2:39:Infinity:undefined:undefined:undefined:undefined":5,"s:37:2:39:Infinity":13,"b:37:6:37:35:37:35:37:49":6,"s:38:4:38:Infinity":14,"b:40:2:42:Infinity:undefined:undefined:undefined:undefined":7,"s:40:2:42:Infinity":15,"s:41:4:41:Infinity":16,"b:43:2:45:Infinity:undefined:undefined:undefined:undefined":8,"s:43:2:45:Infinity":17,"s:44:4:44:Infinity":18,"s:46:2:46:Infinity":19,"f:50:16:50:32":3,"s:61:41:61:Infinity":20,"b:63:2:65:Infinity:undefined:undefined:undefined:undefined":9,"s:63:2:65:Infinity":21,"b:63:6:63:25:63:25:63:59":10,"s:64:4:64:Infinity":22,"b:67:2:69:Infinity:undefined:undefined:undefined:undefined":11,"s:67:2:69:Infinity":23,"b:67:6:67:34:67:34:67:61":12,"s:68:4:68:Infinity":24,"b:71:2:73:Infinity:undefined:undefined:undefined:undefined":13,"s:71:2:73:Infinity":25,"b:71:6:71:23:71:23:71:57":14,"s:72:4:72:Infinity":26,"b:75:2:77:Infinity:undefined:undefined:undefined:undefined":15,"s:75:2:77:Infinity":27,"b:75:6:75:22:75:22:75:55":16,"s:76:4:76:Infinity":28,"b:79:2:84:Infinity:undefined:undefined:undefined:undefined":17,"s:79:2:84:Infinity":29,"s:80:23:80:Infinity":30,"b:81:4:83:Infinity:undefined:undefined:undefined:undefined":18,"s:81:4:83:Infinity":31,"s:82:6:82:Infinity":32,"b:86:2:88:Infinity:undefined:undefined:undefined:undefined":19,"s:86:2:88:Infinity":33,"b:86:6:86:25:86:25:86:55":20,"s:87:4:87:Infinity":34,"b:90:2:92:Infinity:undefined:undefined:undefined:undefined":21,"s:90:2:92:Infinity":35,"b:90:6:90:27:90:27:90:59":22,"s:91:4:91:Infinity":36,"b:94:2:96:Infinity:undefined:undefined:undefined:undefined":23,"s:94:2:96:Infinity":37,"b:94:6:94:28:94:28:94:61":24,"s:95:4:95:Infinity":38,"b:98:2:100:Infinity:undefined:undefined:undefined:undefined":25,"s:98:2:100:Infinity":39,"b:98:6:98:21:98:21:98:47":26,"s:99:4:99:Infinity":40,"s:102:2:105:Infinity":41,"f:109:16:109:32":4,"s:118:41:118:Infinity":42,"b:120:2:122:Infinity:undefined:undefined:undefined:undefined":27,"s:120:2:122:Infinity":43,"b:120:6:120:21:120:21:120:51":28,"s:121:4:121:Infinity":44,"b:124:2:126:Infinity:undefined:undefined:undefined:undefined":29,"s:124:2:126:Infinity":45,"b:124:6:124:27:124:27:124:64":30,"s:125:4:125:Infinity":46,"b:128:2:130:Infinity:undefined:undefined:undefined:undefined":31,"s:128:2:130:Infinity":47,"b:128:6:128:24:128:24:128:59":32,"s:129:4:129:Infinity":48,"b:132:2:134:Infinity:undefined:undefined:undefined:undefined":33,"s:132:2:134:Infinity":49,"b:132:6:132:49:132:49:132:74":34,"s:133:4:133:Infinity":50,"b:136:2:141:Infinity:undefined:undefined:undefined:undefined":35,"s:136:2:141:Infinity":51,"s:137:23:137:Infinity":52,"b:138:4:140:Infinity:undefined:undefined:undefined:undefined":36,"s:138:4:140:Infinity":53,"s:139:6:139:Infinity":54,"b:143:2:145:Infinity:undefined:undefined:undefined:undefined":37,"s:143:2:145:Infinity":55,"b:143:6:143:31:143:31:143:66":38,"s:144:4:144:Infinity":56,"b:147:2:149:Infinity:undefined:undefined:undefined:undefined":39,"s:147:2:149:Infinity":57,"b:147:6:147:30:147:30:147:64":40,"s:148:4:148:Infinity":58,"s:151:2:154:Infinity":59},"fnNames":{}}}
}
